2019-05-27 10:31:29.756 error  8276 master                 web --- [process-8276 ] ..nterceptor\extendResponse.js : Error: 系统配置错误
    at Object.getSchoolConfigFromOfficial [as callback] (E:\workspace\xchs\saas-web\trunk\saas1.0-1\utils\schoolUtil.js:114:27)
    at Object.resDefaultHandler (E:\workspace\xchs\saas-web\trunk\saas1.0-1\utils\officialUtil.js:53:8)
    at Request.self.callback (E:\workspace\xchs\saas-web\trunk\saas1.0-1\node_modules\_request@2.88.0@request\request.js:185:22)
    at emitTwo (events.js:126:13)
    at Request.emit (events.js:214:7)
    at Request.<anonymous> (E:\workspace\xchs\saas-web\trunk\saas1.0-1\node_modules\_request@2.88.0@request\request.js:1161:10)
    at emitOne (events.js:116:13)
    at Request.emit (events.js:211:7)
    at IncomingMessage.<anonymous> (E:\workspace\xchs\saas-web\trunk\saas1.0-1\node_modules\_request@2.88.0@request\request.js:1083:12)
    at Object.onceWrapper (events.js:313:30)
    at emitNone (events.js:111:20)
    at IncomingMessage.emit (events.js:208:7)
    at endReadableNT (_stream_readable.js:1064:12)
    at E:\workspace\xchs\saas-web\trunk\saas1.0-1\node_modules\_async-listener@0.6.10@async-listener\glue.js:188:31
    at _combinedTickCallback (internal/process/next_tick.js:138:11)
    at process._tickCallback (internal/process/next_tick.js:180:9)
2019-05-27 10:31:35.808 error  8276 master                 web --- [process-8276 ] ..nterceptor\extendResponse.js : Error: 系统配置错误
    at Object.getSchoolConfigFromOfficial [as callback] (E:\workspace\xchs\saas-web\trunk\saas1.0-1\utils\schoolUtil.js:114:27)
    at Object.resDefaultHandler (E:\workspace\xchs\saas-web\trunk\saas1.0-1\utils\officialUtil.js:53:8)
    at Request.self.callback (E:\workspace\xchs\saas-web\trunk\saas1.0-1\node_modules\_request@2.88.0@request\request.js:185:22)
    at emitTwo (events.js:126:13)
    at Request.emit (events.js:214:7)
    at Request.<anonymous> (E:\workspace\xchs\saas-web\trunk\saas1.0-1\node_modules\_request@2.88.0@request\request.js:1161:10)
    at emitOne (events.js:116:13)
    at Request.emit (events.js:211:7)
    at IncomingMessage.<anonymous> (E:\workspace\xchs\saas-web\trunk\saas1.0-1\node_modules\_request@2.88.0@request\request.js:1083:12)
    at Object.onceWrapper (events.js:313:30)
    at emitNone (events.js:111:20)
    at IncomingMessage.emit (events.js:208:7)
    at endReadableNT (_stream_readable.js:1064:12)
    at E:\workspace\xchs\saas-web\trunk\saas1.0-1\node_modules\_async-listener@0.6.10@async-listener\glue.js:188:31
    at _combinedTickCallback (internal/process/next_tick.js:138:11)
    at process._tickCallback (internal/process/next_tick.js:180:9)
2019-05-27 10:31:40.427 error  8276 master                 web --- [process-8276 ] ..nterceptor\extendResponse.js : Error: 系统配置错误
    at Object.getSchoolConfigFromOfficial [as callback] (E:\workspace\xchs\saas-web\trunk\saas1.0-1\utils\schoolUtil.js:114:27)
    at Object.resDefaultHandler (E:\workspace\xchs\saas-web\trunk\saas1.0-1\utils\officialUtil.js:53:8)
    at Request.self.callback (E:\workspace\xchs\saas-web\trunk\saas1.0-1\node_modules\_request@2.88.0@request\request.js:185:22)
    at emitTwo (events.js:126:13)
    at Request.emit (events.js:214:7)
    at Request.<anonymous> (E:\workspace\xchs\saas-web\trunk\saas1.0-1\node_modules\_request@2.88.0@request\request.js:1161:10)
    at emitOne (events.js:116:13)
    at Request.emit (events.js:211:7)
    at IncomingMessage.<anonymous> (E:\workspace\xchs\saas-web\trunk\saas1.0-1\node_modules\_request@2.88.0@request\request.js:1083:12)
    at Object.onceWrapper (events.js:313:30)
    at emitNone (events.js:111:20)
    at IncomingMessage.emit (events.js:208:7)
    at endReadableNT (_stream_readable.js:1064:12)
    at E:\workspace\xchs\saas-web\trunk\saas1.0-1\node_modules\_async-listener@0.6.10@async-listener\glue.js:188:31
    at _combinedTickCallback (internal/process/next_tick.js:138:11)
    at process._tickCallback (internal/process/next_tick.js:180:9)
2019-05-27 10:31:52.263 error  8276 master                 web --- [process-8276 ] ..nterceptor\extendResponse.js : Error: 系统配置错误
    at Object.getSchoolConfigFromOfficial [as callback] (E:\workspace\xchs\saas-web\trunk\saas1.0-1\utils\schoolUtil.js:114:27)
    at Object.resDefaultHandler (E:\workspace\xchs\saas-web\trunk\saas1.0-1\utils\officialUtil.js:53:8)
    at Request.self.callback (E:\workspace\xchs\saas-web\trunk\saas1.0-1\node_modules\_request@2.88.0@request\request.js:185:22)
    at emitTwo (events.js:126:13)
    at Request.emit (events.js:214:7)
    at Request.<anonymous> (E:\workspace\xchs\saas-web\trunk\saas1.0-1\node_modules\_request@2.88.0@request\request.js:1161:10)
    at emitOne (events.js:116:13)
    at Request.emit (events.js:211:7)
    at IncomingMessage.<anonymous> (E:\workspace\xchs\saas-web\trunk\saas1.0-1\node_modules\_request@2.88.0@request\request.js:1083:12)
    at Object.onceWrapper (events.js:313:30)
    at emitNone (events.js:111:20)
    at IncomingMessage.emit (events.js:208:7)
    at endReadableNT (_stream_readable.js:1064:12)
    at E:\workspace\xchs\saas-web\trunk\saas1.0-1\node_modules\_async-listener@0.6.10@async-listener\glue.js:188:31
    at _combinedTickCallback (internal/process/next_tick.js:138:11)
    at process._tickCallback (internal/process/next_tick.js:180:9)
