2019-06-06 09:41:47.791 error  1344 master                 web --- [process-1344 ] routes\backend.js              : request backend get error: { url: 'http://192.168.9.31:8070/message/quiry?',
  method: 'GET',
  json: true,
  body: {},
  headers: 
   { 'content-type': 'application/json',
     Authorization: 'schoolId=default;userNo=30920122202446;userId=284627125896478720;isAdmin=true;type=STUDENT',
     'X-Request-Id': '3abb27c0-c80e-4c7d-a7d' },
  forever: true } { timestamp: '2019-06-06T01:41:45.586+0000',
  status: 500,
  error: 'Internal Server Error',
  message: undefined }
2019-06-06 09:41:48.207 error  1344 master                 web --- [process-1344 ] routes\backend.js              : request backend get error: { url: 'http://192.168.9.31:8070/payment/userallproject?page=0&size=9999',
  method: 'GET',
  json: true,
  body: { page: '0', size: '9999' },
  headers: 
   { 'content-type': 'application/json',
     Authorization: 'schoolId=default;userNo=30920122202446;userId=284627125896478720;isAdmin=true;type=STUDENT',
     'X-Request-Id': '9a4494c7-7554-4e34-84d' },
  forever: true } { timestamp: '2019-06-06T01:41:46.043+0000',
  status: 500,
  error: 'Internal Server Error',
  message: undefined }
2019-06-06 09:42:16.288 error  1344 master                 web --- [process-1344 ] routes\backend.js              : request backend get error: { url: 'http://192.168.9.31:8070/partyMember/personInChargePositionOptions?',
  method: 'GET',
  json: true,
  body: {},
  headers: 
   { 'content-type': 'application/json',
     Authorization: 'schoolId=default;userNo=30920122202446;userId=284627125896478720;isAdmin=true;type=STUDENT',
     'X-Request-Id': 'fb23720a-391c-4674-b92' },
  forever: true } { timestamp: 1559785334120,
  status: 404,
  error: 'Not Found',
  message: undefined,
  path: '/partyMember/personInChargePositionOptions' }
2019-06-06 09:42:16.905 error  1344 master                 web --- [process-1344 ] routes\backend.js              : request backend get error: { url: 'http://192.168.9.31:8070/partyMember/page?pageIndex=0&pageSize=15&lang=&name=&userNo=&college=&grade=&educationLevel=&politicalStatus=&organizationName=&organizationPosition=&page=0&size=15',
  method: 'GET',
  json: true,
  headers: 
   { 'content-type': 'application/json',
     Authorization: 'schoolId=default;userNo=30920122202446;userId=284627125896478720;isAdmin=true;type=STUDENT',
     'X-Request-Id': '63731944-3183-4572-9c6' },
  body: 
   { pageIndex: '0',
     pageSize: '15',
     lang: '',
     name: '',
     userNo: '',
     college: '',
     grade: '',
     educationLevel: '',
     politicalStatus: '',
     organizationName: '',
     organizationPosition: '',
     page: 0,
     size: '15' },
  forever: true } { timestamp: 1559785334737,
  status: 404,
  error: 'Not Found',
  message: undefined,
  path: '/partyMember/page' }
2019-06-06 09:44:35.838 error  1344 master                 web --- [process-1344 ] routes\backend.js              : request backend get error: { url: 'http://192.168.9.31:8070/message/quiry?',
  method: 'GET',
  json: true,
  body: {},
  headers: 
   { 'content-type': 'application/json',
     Authorization: 'schoolId=default;userNo=30920122202446;userId=284627125896478720;isAdmin=true;type=STUDENT',
     'X-Request-Id': 'fd42552c-2497-47d1-bab' },
  forever: true } { timestamp: '2019-06-06T01:44:33.671+0000',
  status: 500,
  error: 'Internal Server Error',
  message: undefined }
2019-06-06 09:44:36.579 error  1344 master                 web --- [process-1344 ] routes\backend.js              : request backend get error: { url: 'http://192.168.9.31:8070/payment/userallproject?page=0&size=9999',
  method: 'GET',
  json: true,
  body: { page: '0', size: '9999' },
  headers: 
   { 'content-type': 'application/json',
     Authorization: 'schoolId=default;userNo=30920122202446;userId=284627125896478720;isAdmin=true;type=STUDENT',
     'X-Request-Id': '3d640ff0-cf12-4a70-b2a' },
  forever: true } { timestamp: '2019-06-06T01:44:34.413+0000',
  status: 500,
  error: 'Internal Server Error',
  message: undefined }
2019-06-06 09:45:09.449 error  1344 master                 web --- [process-1344 ] routes\backend.js              : request backend get error: { url: 'http://192.168.9.31:8070/partyBuild/organizations/page/collges?college=-1&timeStamp=1559785509395&pageIndex=0&pageSize=10&lang=&page=0&size=10',
  method: 'GET',
  json: true,
  headers: 
   { 'content-type': 'application/json',
     Authorization: 'schoolId=default;userNo=30920122202446;userId=284627125896478720;isAdmin=true;type=STUDENT',
     'X-Request-Id': '58b58e6e-fdb4-49fe-8c2' },
  body: 
   { college: '-1',
     timeStamp: '1559785509395',
     pageIndex: '0',
     pageSize: '10',
     lang: '',
     page: 0,
     size: '10' },
  forever: true } { timestamp: 1559785507281,
  status: 404,
  error: 'Not Found',
  message: undefined,
  path: '/partyBuild/organizations/page/collges' }
2019-06-06 09:45:17.547 error  1344 master                 web --- [process-1344 ] routes\backend.js              : request backend get error: { url: 'http://192.168.9.31:8070/partyBuild/organizations/page/collges?college=-1&timeStamp=1559785517520&pageIndex=0&pageSize=10&lang=&page=0&size=10',
  method: 'GET',
  json: true,
  headers: 
   { 'content-type': 'application/json',
     Authorization: 'schoolId=default;userNo=30920122202446;userId=284627125896478720;isAdmin=true;type=STUDENT',
     'X-Request-Id': 'ebeff181-7c89-4170-800' },
  body: 
   { college: '-1',
     timeStamp: '1559785517520',
     pageIndex: '0',
     pageSize: '10',
     lang: '',
     page: 0,
     size: '10' },
  forever: true } { timestamp: 1559785515381,
  status: 404,
  error: 'Not Found',
  message: undefined,
  path: '/partyBuild/organizations/page/collges' }
2019-06-06 09:52:00.686 error  1344 master                 web --- [process-1344 ] routes\backend.js              : request backend get error: { url: 'http://192.168.9.31:8070/partyBuild/organizations/page/collges?college=-1&timeStamp=1559785920622&pageIndex=0&pageSize=10&lang=&page=0&size=10',
  method: 'GET',
  json: true,
  headers: 
   { 'content-type': 'application/json',
     Authorization: 'schoolId=default;userNo=30920122202446;userId=284627125896478720;isAdmin=true;type=STUDENT',
     'X-Request-Id': '25e88b83-7939-4ca1-802' },
  body: 
   { college: '-1',
     timeStamp: '1559785920622',
     pageIndex: '0',
     pageSize: '10',
     lang: '',
     page: 0,
     size: '10' },
  forever: true } { timestamp: 1559785918518,
  status: 404,
  error: 'Not Found',
  message: undefined,
  path: '/partyBuild/organizations/page/collges' }
2019-06-06 09:53:13.451 error  1344 master                 web --- [process-1344 ] routes\backend.js              : request backend get error: { url: 'http://192.168.9.31:8070/partyBuild/organizations/page/collges?college=-1&timeStamp=1559785993419&pageIndex=0&pageSize=10&lang=&page=0&size=10',
  method: 'GET',
  json: true,
  headers: 
   { 'content-type': 'application/json',
     Authorization: 'schoolId=default;userNo=30920122202446;userId=284627125896478720;isAdmin=true;type=STUDENT',
     'X-Request-Id': '114db88b-6948-48e5-a6d' },
  body: 
   { college: '-1',
     timeStamp: '1559785993419',
     pageIndex: '0',
     pageSize: '10',
     lang: '',
     page: 0,
     size: '10' },
  forever: true } { timestamp: 1559785991284,
  status: 404,
  error: 'Not Found',
  message: undefined,
  path: '/partyBuild/organizations/page/collges' }
2019-06-06 09:55:30.724 error  1344 master                 web --- [process-1344 ] routes\backend.js              : request backend get error: { url: 'http://192.168.9.31:8070/partyBuild/organizations/page/collges?college=-1&timeStamp=1559786130464&pageIndex=0&pageSize=10&lang=&page=0&size=10',
  method: 'GET',
  json: true,
  headers: 
   { 'content-type': 'application/json',
     Authorization: 'schoolId=default;userNo=30920122202446;userId=284627125896478720;isAdmin=true;type=STUDENT',
     'X-Request-Id': '6b6a391b-9055-4d4a-859' },
  body: 
   { college: '-1',
     timeStamp: '1559786130464',
     pageIndex: '0',
     pageSize: '10',
     lang: '',
     page: 0,
     size: '10' },
  forever: true } { timestamp: 1559786128540,
  status: 404,
  error: 'Not Found',
  message: undefined,
  path: '/partyBuild/organizations/page/collges' }
2019-06-06 09:55:39.369 error  1344 master                 web --- [process-1344 ] routes\backend.js              : request backend get error: { url: 'http://192.168.9.31:8070/partyBuild/organizations/page/collges?college=-1&timeStamp=1559786139339&pageIndex=0&pageSize=10&lang=&page=0&size=10',
  method: 'GET',
  json: true,
  headers: 
   { 'content-type': 'application/json',
     Authorization: 'schoolId=default;userNo=30920122202446;userId=284627125896478720;isAdmin=true;type=STUDENT',
     'X-Request-Id': 'ec5def95-69f6-48aa-a57' },
  body: 
   { college: '-1',
     timeStamp: '1559786139339',
     pageIndex: '0',
     pageSize: '10',
     lang: '',
     page: 0,
     size: '10' },
  forever: true } { timestamp: 1559786137203,
  status: 404,
  error: 'Not Found',
  message: undefined,
  path: '/partyBuild/organizations/page/collges' }
2019-06-06 09:56:31.692 error  1344 master                 web --- [process-1344 ] routes\backend.js              : request backend get error: { url: 'http://192.168.9.31:8070/message/quiry?',
  method: 'GET',
  json: true,
  body: {},
  headers: 
   { 'content-type': 'application/json',
     Authorization: 'schoolId=default;userNo=30920122202446;userId=284627125896478720;isAdmin=true;type=STUDENT',
     'X-Request-Id': '3a5131e8-2317-4459-80b' },
  forever: true } { timestamp: '2019-06-06T01:56:29.525+0000',
  status: 500,
  error: 'Internal Server Error',
  message: undefined }
2019-06-06 09:56:32.381 error  1344 master                 web --- [process-1344 ] routes\backend.js              : request backend get error: { url: 'http://192.168.9.31:8070/payment/userallproject?page=0&size=9999',
  method: 'GET',
  json: true,
  body: { page: '0', size: '9999' },
  headers: 
   { 'content-type': 'application/json',
     Authorization: 'schoolId=default;userNo=30920122202446;userId=284627125896478720;isAdmin=true;type=STUDENT',
     'X-Request-Id': 'f9ac85ca-dd40-4496-a5b' },
  forever: true } { timestamp: '2019-06-06T01:56:30.216+0000',
  status: 500,
  error: 'Internal Server Error',
  message: undefined }
2019-06-06 09:56:42.771 error  1344 master                 web --- [process-1344 ] routes\backend.js              : request backend get error: { url: 'http://192.168.9.31:8070/partyBuild/organizations/page/collges?college=-1&timeStamp=1559786202716&pageIndex=0&pageSize=10&lang=&page=0&size=10',
  method: 'GET',
  json: true,
  headers: 
   { 'content-type': 'application/json',
     Authorization: 'schoolId=default;userNo=30920122202446;userId=284627125896478720;isAdmin=true;type=STUDENT',
     'X-Request-Id': 'da7fecd4-6209-452d-a64' },
  body: 
   { college: '-1',
     timeStamp: '1559786202716',
     pageIndex: '0',
     pageSize: '10',
     lang: '',
     page: 0,
     size: '10' },
  forever: true } { timestamp: 1559786200605,
  status: 404,
  error: 'Not Found',
  message: undefined,
  path: '/partyBuild/organizations/page/collges' }
2019-06-06 09:58:49.055 error  1344 master                 web --- [process-1344 ] routes\backend.js              : request backend get error: { url: 'http://192.168.9.31:8070/partyBuild/organizations/page/collges?college=-1&timeStamp=1559786328958&pageIndex=0&pageSize=10&lang=&page=0&size=10',
  method: 'GET',
  json: true,
  headers: 
   { 'content-type': 'application/json',
     Authorization: 'schoolId=default;userNo=30920122202446;userId=284627125896478720;isAdmin=true;type=STUDENT',
     'X-Request-Id': '4e9cdd5f-5701-4854-9bd' },
  body: 
   { college: '-1',
     timeStamp: '1559786328958',
     pageIndex: '0',
     pageSize: '10',
     lang: '',
     page: 0,
     size: '10' },
  forever: true } { timestamp: 1559786326889,
  status: 404,
  error: 'Not Found',
  message: undefined,
  path: '/partyBuild/organizations/page/collges' }
2019-06-06 09:59:07.527 error  1344 master                 web --- [process-1344 ] routes\backend.js              : request backend get error: { url: 'http://192.168.9.31:8070/partyBuild/organizations/page/collges?college=-1&timeStamp=1559786347464&pageIndex=0&pageSize=10&lang=&page=0&size=10',
  method: 'GET',
  json: true,
  headers: 
   { 'content-type': 'application/json',
     Authorization: 'schoolId=default;userNo=30920122202446;userId=284627125896478720;isAdmin=true;type=STUDENT',
     'X-Request-Id': 'ea51fc45-d2b6-4afb-b48' },
  body: 
   { college: '-1',
     timeStamp: '1559786347464',
     pageIndex: '0',
     pageSize: '10',
     lang: '',
     page: 0,
     size: '10' },
  forever: true } { timestamp: 1559786345361,
  status: 404,
  error: 'Not Found',
  message: undefined,
  path: '/partyBuild/organizations/page/collges' }
2019-06-06 09:59:11.027 error  1344 master                 web --- [process-1344 ] routes\backend.js              : request backend get error: { url: 'http://192.168.9.31:8070/partyBuild/organizations/page/collges?college=-1&timeStamp=1559786350941&pageIndex=0&pageSize=10&lang=&page=0&size=10',
  method: 'GET',
  json: true,
  headers: 
   { 'content-type': 'application/json',
     Authorization: 'schoolId=default;userNo=30920122202446;userId=284627125896478720;isAdmin=true;type=STUDENT',
     'X-Request-Id': '91c35b16-fbed-4fcc-a59' },
  body: 
   { college: '-1',
     timeStamp: '1559786350941',
     pageIndex: '0',
     pageSize: '10',
     lang: '',
     page: 0,
     size: '10' },
  forever: true } { timestamp: 1559786348860,
  status: 404,
  error: 'Not Found',
  message: undefined,
  path: '/partyBuild/organizations/page/collges' }
2019-06-06 10:04:49.853 error  1344 master                 web --- [process-1344 ] routes\backend.js              : request backend get error: { url: 'http://192.168.9.31:8070/partyBuild/organizations/page/collges?college=-1&timeStamp=1559786683978&pageIndex=0&pageSize=10&lang=&page=0&size=10',
  method: 'GET',
  json: true,
  headers: 
   { 'content-type': 'application/json',
     Authorization: 'schoolId=default;userNo=30920122202446;userId=284627125896478720;isAdmin=true;type=STUDENT',
     'X-Request-Id': '68907251-d528-4c95-a8d' },
  body: 
   { college: '-1',
     timeStamp: '1559786683978',
     pageIndex: '0',
     pageSize: '10',
     lang: '',
     page: 0,
     size: '10' },
  forever: true } { timestamp: 1559786687682,
  status: 404,
  error: 'Not Found',
  message: undefined,
  path: '/partyBuild/organizations/page/collges' }
2019-06-06 10:07:34.131 error  1344 master                 web --- [process-1344 ] routes\backend.js              : request backend get error: { url: 'http://192.168.9.31:8070/partyBuild/organizations/page/collges?college=-1&timeStamp=1559786854084&pageIndex=0&pageSize=10&lang=&page=0&size=10',
  method: 'GET',
  json: true,
  headers: 
   { 'content-type': 'application/json',
     Authorization: 'schoolId=default;userNo=30920122202446;userId=284627125896478720;isAdmin=true;type=STUDENT',
     'X-Request-Id': 'de218879-ebd1-4007-811' },
  body: 
   { college: '-1',
     timeStamp: '1559786854084',
     pageIndex: '0',
     pageSize: '10',
     lang: '',
     page: 0,
     size: '10' },
  forever: true } { timestamp: 1559786851965,
  status: 404,
  error: 'Not Found',
  message: undefined,
  path: '/partyBuild/organizations/page/collges' }
2019-06-06 10:10:20.691 error  1344 master                 web --- [process-1344 ] routes\backend.js              : request backend get error: { url: 'http://192.168.9.31:8070/partyBuild/organizations/page/collges?college=-1&timeStamp=1559787020643&pageIndex=0&pageSize=10&lang=&page=0&size=10',
  method: 'GET',
  json: true,
  headers: 
   { 'content-type': 'application/json',
     Authorization: 'schoolId=default;userNo=30920122202446;userId=284627125896478720;isAdmin=true;type=STUDENT',
     'X-Request-Id': 'efdfdb51-a5e0-40e1-bec' },
  body: 
   { college: '-1',
     timeStamp: '1559787020643',
     pageIndex: '0',
     pageSize: '10',
     lang: '',
     page: 0,
     size: '10' },
  forever: true } { timestamp: 1559787018524,
  status: 404,
  error: 'Not Found',
  message: undefined,
  path: '/partyBuild/organizations/page/collges' }
2019-06-06 10:12:26.093 error  1344 master                 web --- [process-1344 ] routes\backend.js              : request backend get error: { url: 'http://192.168.9.31:8070/partyBuild/organizations/page/collges?college=-1&timeStamp=1559787145731&pageIndex=0&pageSize=10&lang=&page=0&size=10',
  method: 'GET',
  json: true,
  headers: 
   { 'content-type': 'application/json',
     Authorization: 'schoolId=default;userNo=30920122202446;userId=284627125896478720;isAdmin=true;type=STUDENT',
     'X-Request-Id': '1283bbdc-aa1e-4ef8-ba8' },
  body: 
   { college: '-1',
     timeStamp: '1559787145731',
     pageIndex: '0',
     pageSize: '10',
     lang: '',
     page: 0,
     size: '10' },
  forever: true } { timestamp: 1559787143719,
  status: 404,
  error: 'Not Found',
  message: undefined,
  path: '/partyBuild/organizations/page/collges' }
2019-06-06 10:18:56.812 error  1344 master                 web --- [process-1344 ] routes\backend.js              : request backend get error: { url: 'http://192.168.9.31:8070//partyMember/page/school/24699295?pageIndex=0&pageSize=10&lang=&page=0&size=10',
  method: 'GET',
  json: true,
  headers: 
   { 'content-type': 'application/json',
     Authorization: 'schoolId=default;userNo=30920122202446;userId=284627125896478720;isAdmin=true;type=STUDENT',
     'X-Request-Id': '00143d06-f141-4071-839' },
  body: { pageIndex: '0', pageSize: '10', lang: '', page: 0, size: '10' },
  forever: true } { code: 'ENOTFOUND',
  message: 'ENOTFOUND',
  stack: 'Error: getaddrinfo ENOTFOUND partymember partymember:80\n    at GetAddrInfoReqWrap.onlookup [as oncomplete] (dns.js:57:26)',
  name: 'ENOTFOUNDError',
  errno: 'ENOTFOUND',
  syscall: 'getaddrinfo',
  hostname: 'partymember',
  host: 'partymember',
  port: 80,
  status: 500 }
2019-06-06 10:19:29.980 error  1344 master                 web --- [process-1344 ] routes\backend.js              : request backend get error: { url: 'http://192.168.9.31:8070//partyMember/page/school/24699295?pageIndex=0&pageSize=10&lang=&page=0&size=10',
  method: 'GET',
  json: true,
  headers: 
   { 'content-type': 'application/json',
     Authorization: 'schoolId=default;userNo=30920122202446;userId=284627125896478720;isAdmin=true;type=STUDENT',
     'X-Request-Id': '5a401901-632b-49fb-b27' },
  body: { pageIndex: '0', pageSize: '10', lang: '', page: 0, size: '10' },
  forever: true } { code: 'ENOTFOUND',
  message: 'ENOTFOUND',
  stack: 'Error: getaddrinfo ENOTFOUND partymember partymember:80\n    at GetAddrInfoReqWrap.onlookup [as oncomplete] (dns.js:57:26)',
  name: 'ENOTFOUNDError',
  errno: 'ENOTFOUND',
  syscall: 'getaddrinfo',
  hostname: 'partymember',
  host: 'partymember',
  port: 80,
  status: 500 }
2019-06-06 10:59:38.658 error  1344 master                 web --- [process-1344 ] routes\backend.js              : request backend get error: { url: 'http://192.168.9.31:8070/message/quiry?',
  method: 'GET',
  json: true,
  body: {},
  headers: 
   { 'content-type': 'application/json',
     Authorization: 'schoolId=default;userNo=30920122202446;userId=284627125896478720;isAdmin=true;type=STUDENT',
     'X-Request-Id': 'f693535b-88a4-43e0-91e' },
  forever: true } { timestamp: '2019-06-06T02:59:36.486+0000',
  status: 500,
  error: 'Internal Server Error',
  message: undefined }
2019-06-06 10:59:39.040 error  1344 master                 web --- [process-1344 ] routes\backend.js              : request backend get error: { url: 'http://192.168.9.31:8070/payment/userallproject?page=0&size=9999',
  method: 'GET',
  json: true,
  body: { page: '0', size: '9999' },
  headers: 
   { 'content-type': 'application/json',
     Authorization: 'schoolId=default;userNo=30920122202446;userId=284627125896478720;isAdmin=true;type=STUDENT',
     'X-Request-Id': '969bbeca-4e5a-4ce4-a62' },
  forever: true } { timestamp: '2019-06-06T02:59:36.869+0000',
  status: 500,
  error: 'Internal Server Error',
  message: undefined }
2019-06-06 11:06:10.382 error  1344 master                 web --- [process-1344 ] routes\backend.js              : request backend get error: { url: 'http://192.168.9.31:8070/system/dicts?dictType=%E7%BB%84%E7%BB%87%E5%85%B3%E7%B3%BB',
  method: 'GET',
  json: true,
  body: { dictType: '组织关系' },
  headers: 
   { 'content-type': 'application/json',
     Authorization: 'schoolId=default;userNo=30920122202446;userId=284627125896478720;isAdmin=true;type=STUDENT',
     'X-Request-Id': '0077899d-009f-47e9-931' },
  forever: true } { timestamp: '2019-06-06T03:06:08.210+0000',
  status: 500,
  error: 'Internal Server Error',
  message: undefined }
2019-06-06 11:06:17.421 error  1344 master                 web --- [process-1344 ] routes\backend.js              : request backend get error: { url: 'http://192.168.9.31:8070/system/dicts?dictType=%E7%BB%84%E7%BB%87%E5%85%B3%E7%B3%BB',
  method: 'GET',
  json: true,
  body: { dictType: '组织关系' },
  headers: 
   { 'content-type': 'application/json',
     Authorization: 'schoolId=default;userNo=30920122202446;userId=284627125896478720;isAdmin=true;type=STUDENT',
     'X-Request-Id': '1760271d-3327-4c2a-b0d' },
  forever: true } { timestamp: '2019-06-06T03:06:15.249+0000',
  status: 500,
  error: 'Internal Server Error',
  message: undefined }
2019-06-06 11:06:17.444 error  1344 master                 web --- [process-1344 ] routes\backend.js              : request backend get error: { url: 'http://192.168.9.31:8070/partyMember/page/school/11?pageIndex=0&pageSize=10&lang=&page=0&size=10',
  method: 'GET',
  json: true,
  headers: 
   { 'content-type': 'application/json',
     Authorization: 'schoolId=default;userNo=30920122202446;userId=284627125896478720;isAdmin=true;type=STUDENT',
     'X-Request-Id': 'f5664bfe-49dc-47d0-971' },
  body: { pageIndex: '0', pageSize: '10', lang: '', page: 0, size: '10' },
  forever: true } { timestamp: '2019-06-06T03:06:15.273+0000',
  status: 500,
  error: 'Internal Server Error',
  message: undefined }
2019-06-06 11:06:24.463 error  1344 master                 web --- [process-1344 ] routes\backend.js              : request backend get error: { url: 'http://192.168.9.31:8070/partyMember/page/college/11?pageIndex=0&pageSize=10&lang=&page=0&size=10',
  method: 'GET',
  json: true,
  headers: 
   { 'content-type': 'application/json',
     Authorization: 'schoolId=default;userNo=30920122202446;userId=284627125896478720;isAdmin=true;type=STUDENT',
     'X-Request-Id': '2812319c-4b79-4a2c-8d2' },
  body: { pageIndex: '0', pageSize: '10', lang: '', page: 0, size: '10' },
  forever: true } { timestamp: '2019-06-06T03:06:22.292+0000',
  status: 500,
  error: 'Internal Server Error',
  message: undefined }
2019-06-06 11:06:24.495 error  1344 master                 web --- [process-1344 ] routes\backend.js              : request backend get error: { url: 'http://192.168.9.31:8070/system/dicts?dictType=%E7%BB%84%E7%BB%87%E5%85%B3%E7%B3%BB',
  method: 'GET',
  json: true,
  body: { dictType: '组织关系' },
  headers: 
   { 'content-type': 'application/json',
     Authorization: 'schoolId=default;userNo=30920122202446;userId=284627125896478720;isAdmin=true;type=STUDENT',
     'X-Request-Id': 'c459f0e8-130b-4fb3-a0a' },
  forever: true } { timestamp: '2019-06-06T03:06:22.323+0000',
  status: 500,
  error: 'Internal Server Error',
  message: undefined }
2019-06-06 11:06:32.566 error  1344 master                 web --- [process-1344 ] routes\backend.js              : request backend get error: { url: 'http://192.168.9.31:8070/partyMember/page/myManage/11?pageIndex=0&pageSize=10&lang=&page=0&size=10',
  method: 'GET',
  json: true,
  headers: 
   { 'content-type': 'application/json',
     Authorization: 'schoolId=default;userNo=30920122202446;userId=284627125896478720;isAdmin=true;type=STUDENT',
     'X-Request-Id': 'a38bd9f1-7baa-4ab1-9e2' },
  body: { pageIndex: '0', pageSize: '10', lang: '', page: 0, size: '10' },
  forever: true } { timestamp: '2019-06-06T03:06:29.372+0000',
  status: 500,
  error: 'Internal Server Error',
  message: undefined }
2019-06-06 11:06:34.597 error  1344 master                 web --- [process-1344 ] routes\backend.js              : request backend get error: { url: 'http://192.168.9.31:8070/message/quiry?',
  method: 'GET',
  json: true,
  body: {},
  headers: 
   { 'content-type': 'application/json',
     Authorization: 'schoolId=default;userNo=30920122202446;userId=284627125896478720;isAdmin=true;type=STUDENT',
     'X-Request-Id': '839524ff-f9d6-4733-a3b' },
  forever: true } { timestamp: '2019-06-06T03:06:32.426+0000',
  status: 500,
  error: 'Internal Server Error',
  message: undefined }
2019-06-06 11:06:35.330 error  1344 master                 web --- [process-1344 ] routes\backend.js              : request backend get error: { url: 'http://192.168.9.31:8070/payment/userallproject?page=0&size=9999',
  method: 'GET',
  json: true,
  body: { page: '0', size: '9999' },
  headers: 
   { 'content-type': 'application/json',
     Authorization: 'schoolId=default;userNo=30920122202446;userId=284627125896478720;isAdmin=true;type=STUDENT',
     'X-Request-Id': '4db9f37d-a982-4b9a-be7' },
  forever: true } { timestamp: '2019-06-06T03:06:33.158+0000',
  status: 500,
  error: 'Internal Server Error',
  message: undefined }
2019-06-06 11:11:48.091 error  1344 master                 web --- [process-1344 ] routes\backend.js              : request backend get error: { url: 'http://192.168.9.31:8070/message/quiry?',
  method: 'GET',
  json: true,
  body: {},
  headers: 
   { 'content-type': 'application/json',
     Authorization: 'schoolId=default;userNo=30920122202446;userId=284627125896478720;isAdmin=true;type=STUDENT',
     'X-Request-Id': '4f5184a6-2bcb-4533-b3e' },
  forever: true } { timestamp: '2019-06-06T03:11:45.919+0000',
  status: 500,
  error: 'Internal Server Error',
  message: undefined }
2019-06-06 11:11:48.463 error  1344 master                 web --- [process-1344 ] routes\backend.js              : request backend get error: { url: 'http://192.168.9.31:8070/payment/userallproject?page=0&size=9999',
  method: 'GET',
  json: true,
  body: { page: '0', size: '9999' },
  headers: 
   { 'content-type': 'application/json',
     Authorization: 'schoolId=default;userNo=30920122202446;userId=284627125896478720;isAdmin=true;type=STUDENT',
     'X-Request-Id': 'c58953ac-1543-4b2b-9b0' },
  forever: true } { timestamp: '2019-06-06T03:11:46.292+0000',
  status: 500,
  error: 'Internal Server Error',
  message: undefined }
2019-06-06 11:51:16.509 error  1344 master                 web --- [process-1344 ] routes\backend.js              : request backend get error: { url: 'http://192.168.9.31:8070/message/quiry?',
  method: 'GET',
  json: true,
  body: {},
  headers: 
   { 'content-type': 'application/json',
     Authorization: 'schoolId=default;userNo=30920122202446;userId=284627125896478720;isAdmin=true;type=STUDENT',
     'X-Request-Id': 'c8c4259a-2803-4f4e-93b' },
  forever: true } { timestamp: '2019-06-06T03:51:14.334+0000',
  status: 500,
  error: 'Internal Server Error',
  message: undefined }
2019-06-06 11:51:17.229 error  1344 master                 web --- [process-1344 ] routes\backend.js              : request backend get error: { url: 'http://192.168.9.31:8070/payment/userallproject?page=0&size=9999',
  method: 'GET',
  json: true,
  body: { page: '0', size: '9999' },
  headers: 
   { 'content-type': 'application/json',
     Authorization: 'schoolId=default;userNo=30920122202446;userId=284627125896478720;isAdmin=true;type=STUDENT',
     'X-Request-Id': '0c62a2a5-5b7e-49ea-aa0' },
  forever: true } { timestamp: '2019-06-06T03:51:15.052+0000',
  status: 500,
  error: 'Internal Server Error',
  message: undefined }
2019-06-06 11:59:53.123 error  1344 master                 web --- [process-1344 ] routes\backend.js              : request backend get error: { url: 'http://192.168.9.31:8070/document/students/organizationRelationship/284627125896478720',
  method: 'PUT',
  json: true,
  body: {},
  headers: 
   { 'content-type': 'application/json',
     Authorization: 'schoolId=default;userNo=30920122202446;userId=284627125896478720;isAdmin=true;type=STUDENT',
     'X-Request-Id': 'ef3f88ac-c3e5-4273-b86' },
  forever: true } { code: '10004', message: '参数缺失！', data: null }
2019-06-06 11:59:55.746 error  1344 master                 web --- [process-1344 ] routes\backend.js              : request backend get error: { url: 'http://192.168.9.31:8070/document/students/organizationRelationship/284627125896478720',
  method: 'PUT',
  json: true,
  body: {},
  headers: 
   { 'content-type': 'application/json',
     Authorization: 'schoolId=default;userNo=30920122202446;userId=284627125896478720;isAdmin=true;type=STUDENT',
     'X-Request-Id': '1270a648-0298-4099-a9b' },
  forever: true } { code: '10004', message: '参数缺失！', data: null }
2019-06-06 12:02:12.823 error  1344 master                 web --- [process-1344 ] routes\backend.js              : request backend get error: { url: 'http://192.168.9.31:8070/document/students/organizationRelationship/284627125896478720',
  method: 'PUT',
  json: true,
  body: {},
  headers: 
   { 'content-type': 'application/json',
     Authorization: 'schoolId=default;userNo=30920122202446;userId=284627125896478720;isAdmin=true;type=STUDENT',
     'X-Request-Id': '94de67cf-5ced-48fc-aeb' },
  forever: true } { code: '10004', message: '参数缺失！', data: null }
2019-06-06 12:02:14.387 error  1344 master                 web --- [process-1344 ] routes\backend.js              : request backend get error: { url: 'http://192.168.9.31:8070/document/students/organizationRelationship/284627125896478720',
  method: 'PUT',
  json: true,
  body: {},
  headers: 
   { 'content-type': 'application/json',
     Authorization: 'schoolId=default;userNo=30920122202446;userId=284627125896478720;isAdmin=true;type=STUDENT',
     'X-Request-Id': 'a7b604e5-dd9d-4d16-aa0' },
  forever: true } { code: '10004', message: '参数缺失！', data: null }
2019-06-06 12:02:16.526 error  1344 master                 web --- [process-1344 ] routes\backend.js              : request backend get error: { url: 'http://192.168.9.31:8070/document/students/organizationRelationship/284627125896478720',
  method: 'PUT',
  json: true,
  body: {},
  headers: 
   { 'content-type': 'application/json',
     Authorization: 'schoolId=default;userNo=30920122202446;userId=284627125896478720;isAdmin=true;type=STUDENT',
     'X-Request-Id': '5a789431-349b-4b2e-9f0' },
  forever: true } { code: '10004', message: '参数缺失！', data: null }
2019-06-06 12:03:01.215 error  1344 master                 web --- [process-1344 ] routes\backend.js              : request backend get error: { url: 'http://192.168.9.31:8070/partyBuild/organizations/page/collges?college=-1&timeStamp=1559793781164&pageIndex=0&pageSize=10&lang=&page=0&size=10',
  method: 'GET',
  json: true,
  headers: 
   { 'content-type': 'application/json',
     Authorization: 'schoolId=default;userNo=30920122202446;userId=284627125896478720;isAdmin=true;type=STUDENT',
     'X-Request-Id': '37e566aa-9aed-4428-a60' },
  body: 
   { college: '-1',
     timeStamp: '1559793781164',
     pageIndex: '0',
     pageSize: '10',
     lang: '',
     page: 0,
     size: '10' },
  forever: true } { timestamp: 1559793779035,
  status: 404,
  error: 'Not Found',
  message: undefined,
  path: '/partyBuild/organizations/page/collges' }
2019-06-06 12:03:46.845 error  1344 master                 web --- [process-1344 ] routes\backend.js              : request backend get error: { url: 'http://192.168.9.31:8070/message/quiry?',
  method: 'GET',
  json: true,
  body: {},
  headers: 
   { 'content-type': 'application/json',
     Authorization: 'schoolId=default;userNo=30920122202446;userId=284627125896478720;isAdmin=true;type=STUDENT',
     'X-Request-Id': '0202bbb3-b6f6-423f-b78' },
  forever: true } { timestamp: '2019-06-06T04:03:44.668+0000',
  status: 500,
  error: 'Internal Server Error',
  message: undefined }
2019-06-06 12:03:47.138 error  1344 master                 web --- [process-1344 ] routes\backend.js              : request backend get error: { url: 'http://192.168.9.31:8070/payment/userallproject?page=0&size=9999',
  method: 'GET',
  json: true,
  body: { page: '0', size: '9999' },
  headers: 
   { 'content-type': 'application/json',
     Authorization: 'schoolId=default;userNo=30920122202446;userId=284627125896478720;isAdmin=true;type=STUDENT',
     'X-Request-Id': '9a47559f-6ff2-49da-84a' },
  forever: true } { timestamp: '2019-06-06T04:03:44.961+0000',
  status: 500,
  error: 'Internal Server Error',
  message: undefined }
2019-06-06 12:43:36.565 error  1344 master                 web --- [process-1344 ] routes\backend.js              : request backend get error: { url: 'http://192.168.9.31:8070/document/students/organizationRelationship/319062944027508736',
  method: 'PUT',
  json: true,
  body: {},
  headers: 
   { 'content-type': 'application/json',
     Authorization: 'schoolId=default;userNo=30920122202446;userId=284627125896478720;isAdmin=true;type=STUDENT',
     'X-Request-Id': 'f07bfbc7-ba45-4fd1-8a8' },
  forever: true } { code: '10004', message: '参数缺失！', data: null }
2019-06-06 12:43:44.940 error  1344 master                 web --- [process-1344 ] routes\backend.js              : request backend get error: { url: 'http://192.168.9.31:8070/partyBuild/organizations/page/collges?college=-1&timeStamp=1559796224908&pageIndex=0&pageSize=10&lang=&page=0&size=10',
  method: 'GET',
  json: true,
  headers: 
   { 'content-type': 'application/json',
     Authorization: 'schoolId=default;userNo=30920122202446;userId=284627125896478720;isAdmin=true;type=STUDENT',
     'X-Request-Id': '1d077b69-c811-432e-a74' },
  body: 
   { college: '-1',
     timeStamp: '1559796224908',
     pageIndex: '0',
     pageSize: '10',
     lang: '',
     page: 0,
     size: '10' },
  forever: true } { timestamp: 1559796222760,
  status: 404,
  error: 'Not Found',
  message: undefined,
  path: '/partyBuild/organizations/page/collges' }
2019-06-06 12:51:21.278 error  1344 master                 web --- [process-1344 ] routes\backend.js              : request backend get error: { url: 'http://192.168.9.31:8070/partyBuild/organizations/page/collges?college=-1&timeStamp=1559796681233&pageIndex=0&pageSize=10&lang=&page=0&size=10',
  method: 'GET',
  json: true,
  headers: 
   { 'content-type': 'application/json',
     Authorization: 'schoolId=default;userNo=30920122202446;userId=284627125896478720;isAdmin=true;type=STUDENT',
     'X-Request-Id': 'b5b3a6d4-f108-44a2-a59' },
  body: 
   { college: '-1',
     timeStamp: '1559796681233',
     pageIndex: '0',
     pageSize: '10',
     lang: '',
     page: 0,
     size: '10' },
  forever: true } { timestamp: 1559796679096,
  status: 404,
  error: 'Not Found',
  message: undefined,
  path: '/partyBuild/organizations/page/collges' }
2019-06-06 12:54:05.215 error  1344 master                 web --- [process-1344 ] routes\backend.js              : request backend get error: { url: 'http://192.168.9.31:8070/payment/userallproject?page=0&size=9999',
  method: 'GET',
  json: true,
  body: { page: '0', size: '9999' },
  headers: 
   { 'content-type': 'application/json',
     Authorization: 'schoolId=default;userNo=30920122202446;userId=284627125896478720;isAdmin=true;type=STUDENT',
     'X-Request-Id': 'c6ac5d33-9706-4297-b72' },
  forever: true } { timestamp: '2019-06-06T04:54:03.031+0000',
  status: 500,
  error: 'Internal Server Error',
  message: undefined }
2019-06-06 13:07:49.012 error  1344 master                 web --- [process-1344 ] routes\backend.js              : request backend get error: { url: 'http://192.168.9.31:8070/rainingDevelopment/page/school?pageIndex=0&pageSize=10&lang=&page=0&size=10',
  method: 'GET',
  json: true,
  headers: 
   { 'content-type': 'application/json',
     Authorization: 'schoolId=default;userNo=30920122202446;userId=284627125896478720;isAdmin=true;type=STUDENT',
     'X-Request-Id': 'e6f3690e-81bf-47d2-a84' },
  body: { pageIndex: '0', pageSize: '10', lang: '', page: 0, size: '10' },
  forever: true } { timestamp: 1559797666802,
  status: 404,
  error: 'Not Found',
  message: undefined,
  path: '/rainingDevelopment/page/school' }
2019-06-06 13:08:06.732 error  1344 master                 web --- [process-1344 ] routes\backend.js              : request backend get error: { url: 'http://192.168.9.31:8070/rainingDevelopment/page/school?pageIndex=0&pageSize=10&lang=&page=0&size=10',
  method: 'GET',
  json: true,
  headers: 
   { 'content-type': 'application/json',
     Authorization: 'schoolId=default;userNo=30920122202446;userId=284627125896478720;isAdmin=true;type=STUDENT',
     'X-Request-Id': 'f46d0ea0-540e-41f4-b9a' },
  body: { pageIndex: '0', pageSize: '10', lang: '', page: 0, size: '10' },
  forever: true } { timestamp: 1559797684548,
  status: 404,
  error: 'Not Found',
  message: undefined,
  path: '/rainingDevelopment/page/school' }
2019-06-06 13:08:48.485 error  1344 master                 web --- [process-1344 ] routes\backend.js              : request backend get error: { url: 'http://192.168.9.31:8070/message/quiry?',
  method: 'GET',
  json: true,
  body: {},
  headers: 
   { 'content-type': 'application/json',
     Authorization: 'schoolId=default;userNo=30920122202446;userId=284627125896478720;isAdmin=true;type=STUDENT',
     'X-Request-Id': '60b6c99a-1f11-4001-9d4' },
  forever: true } { timestamp: '2019-06-06T05:08:46.304+0000',
  status: 500,
  error: 'Internal Server Error',
  message: undefined }
2019-06-06 13:08:48.995 error  1344 master                 web --- [process-1344 ] routes\backend.js              : request backend get error: { url: 'http://192.168.9.31:8070/payment/userallproject?page=0&size=9999',
  method: 'GET',
  json: true,
  body: { page: '0', size: '9999' },
  headers: 
   { 'content-type': 'application/json',
     Authorization: 'schoolId=default;userNo=30920122202446;userId=284627125896478720;isAdmin=true;type=STUDENT',
     'X-Request-Id': '715aa25e-873a-4cce-ba3' },
  forever: true } { timestamp: '2019-06-06T05:08:46.813+0000',
  status: 500,
  error: 'Internal Server Error',
  message: undefined }
2019-06-06 13:12:03.336 error  1344 master                 web --- [process-1344 ] routes\backend.js              : request backend get error: { url: 'http://192.168.9.31:8070/rainingDevelopment/page/school?pageIndex=0&pageSize=10&lang=&page=0&size=10',
  method: 'GET',
  json: true,
  headers: 
   { 'content-type': 'application/json',
     Authorization: 'schoolId=default;userNo=30920122202446;userId=284627125896478720;isAdmin=true;type=STUDENT',
     'X-Request-Id': '5473f9dd-3f2f-4156-bce' },
  body: { pageIndex: '0', pageSize: '10', lang: '', page: 0, size: '10' },
  forever: true } { timestamp: 1559797921152,
  status: 404,
  error: 'Not Found',
  message: undefined,
  path: '/rainingDevelopment/page/school' }
2019-06-06 14:03:14.204 error  1344 master                 web --- [process-1344 ] routes\backend.js              : request backend get error: { url: 'http://192.168.9.31:8070/message/quiry?',
  method: 'GET',
  json: true,
  body: {},
  headers: 
   { 'content-type': 'application/json',
     Authorization: 'schoolId=default;userNo=30920122202446;userId=284627125896478720;isAdmin=true;type=STUDENT',
     'X-Request-Id': '5baab036-9834-414d-993' },
  forever: true } { timestamp: '2019-06-06T06:03:12.018+0000',
  status: 500,
  error: 'Internal Server Error',
  message: undefined }
2019-06-06 14:03:14.554 error  1344 master                 web --- [process-1344 ] routes\backend.js              : request backend get error: { url: 'http://192.168.9.31:8070/payment/userallproject?page=0&size=9999',
  method: 'GET',
  json: true,
  body: { page: '0', size: '9999' },
  headers: 
   { 'content-type': 'application/json',
     Authorization: 'schoolId=default;userNo=30920122202446;userId=284627125896478720;isAdmin=true;type=STUDENT',
     'X-Request-Id': '06e52a74-8a3b-4163-990' },
  forever: true } { timestamp: '2019-06-06T06:03:12.360+0000',
  status: 500,
  error: 'Internal Server Error',
  message: undefined }
2019-06-06 14:03:18.913 error  1344 master                 web --- [process-1344 ] routes\backend.js              : request backend get error: { url: 'http://192.168.9.31:8070/rainingDevelopment/page/school?pageIndex=0&pageSize=10&lang=&page=0&size=10',
  method: 'GET',
  json: true,
  headers: 
   { 'content-type': 'application/json',
     Authorization: 'schoolId=default;userNo=30920122202446;userId=284627125896478720;isAdmin=true;type=STUDENT',
     'X-Request-Id': 'e0a8c514-070d-42d8-8ab' },
  body: { pageIndex: '0', pageSize: '10', lang: '', page: 0, size: '10' },
  forever: true } { timestamp: 1559800996727,
  status: 404,
  error: 'Not Found',
  message: undefined,
  path: '/rainingDevelopment/page/school' }
2019-06-06 14:03:23.318 error  1344 master                 web --- [process-1344 ] routes\backend.js              : request backend get error: { url: 'http://192.168.9.31:8070/rainingDevelopment/page/school?pageIndex=0&pageSize=10&lang=&page=0&size=10',
  method: 'GET',
  json: true,
  headers: 
   { 'content-type': 'application/json',
     Authorization: 'schoolId=default;userNo=30920122202446;userId=284627125896478720;isAdmin=true;type=STUDENT',
     'X-Request-Id': '4b4d6025-0f65-4cdc-b6e' },
  body: { pageIndex: '0', pageSize: '10', lang: '', page: 0, size: '10' },
  forever: true } { timestamp: 1559801001132,
  status: 404,
  error: 'Not Found',
  message: undefined,
  path: '/rainingDevelopment/page/school' }
2019-06-06 14:37:50.576 error  1344 master                 web --- [process-1344 ] routes\backend.js              : request backend get error: { url: 'http://192.168.9.31:8070/message/quiry?',
  method: 'GET',
  json: true,
  body: {},
  headers: 
   { 'content-type': 'application/json',
     Authorization: 'schoolId=default;userNo=30920122202446;userId=284627125896478720;isAdmin=true;type=STUDENT',
     'X-Request-Id': 'a198bda4-0f24-41fe-817' },
  forever: true } { timestamp: '2019-06-06T06:37:48.384+0000',
  status: 500,
  error: 'Internal Server Error',
  message: undefined }
2019-06-06 14:37:50.880 error  1344 master                 web --- [process-1344 ] routes\backend.js              : request backend get error: { url: 'http://192.168.9.31:8070/payment/userallproject?page=0&size=9999',
  method: 'GET',
  json: true,
  body: { page: '0', size: '9999' },
  headers: 
   { 'content-type': 'application/json',
     Authorization: 'schoolId=default;userNo=30920122202446;userId=284627125896478720;isAdmin=true;type=STUDENT',
     'X-Request-Id': 'd5b2ad51-4a64-4793-916' },
  forever: true } { timestamp: '2019-06-06T06:37:48.691+0000',
  status: 500,
  error: 'Internal Server Error',
  message: undefined }
2019-06-06 18:07:21.400 error 12356 master                 web --- [process-12356] routes\backend.js              : request backend get error: { url: 'http://192.168.9.31:8070/document/students/organizationRelationship/284627125909061632',
  method: 'PUT',
  json: true,
  body: {},
  headers: 
   { 'content-type': 'application/json',
     Authorization: 'schoolId=default;userNo=30920122202446;userId=284627125896478720;isAdmin=true;type=STUDENT',
     'X-Request-Id': '08afcbd8-4ff7-461f-a91' },
  forever: true } { code: '10004', message: '参数缺失！', data: null }
2019-06-06 18:07:31.038 error 12356 master                 web --- [process-12356] routes\backend.js              : request backend get error: { url: 'http://192.168.9.31:8070/document/students/organizationRelationship/284627125896478720',
  method: 'PUT',
  json: true,
  body: {},
  headers: 
   { 'content-type': 'application/json',
     Authorization: 'schoolId=default;userNo=30920122202446;userId=284627125896478720;isAdmin=true;type=STUDENT',
     'X-Request-Id': '39afab06-9d74-4e1f-90a' },
  forever: true } { code: '10004', message: '参数缺失！', data: null }
2019-06-06 18:08:06.142 error 12356 master                 web --- [process-12356] routes\backend.js              : request backend get error: { url: 'http://192.168.9.31:8070/document/students/organizationRelationship/284627125896478720',
  method: 'PUT',
  json: true,
  body: {},
  headers: 
   { 'content-type': 'application/json',
     Authorization: 'schoolId=default;userNo=30920122202446;userId=284627125896478720;isAdmin=true;type=STUDENT',
     'X-Request-Id': '3d12c364-d903-40a9-879' },
  forever: true } { code: '10004', message: '参数缺失！', data: null }
2019-06-06 18:08:10.927 error 12356 master                 web --- [process-12356] routes\backend.js              : request backend get error: { url: 'http://192.168.9.31:8070/document/students/organizationRelationship/284627125896478720',
  method: 'PUT',
  json: true,
  body: {},
  headers: 
   { 'content-type': 'application/json',
     Authorization: 'schoolId=default;userNo=30920122202446;userId=284627125896478720;isAdmin=true;type=STUDENT',
     'X-Request-Id': '94feddf8-ad37-4340-960' },
  forever: true } { code: '10004', message: '参数缺失！', data: null }
2019-06-06 18:09:19.094 error 12356 master                 web --- [process-12356] routes\backend.js              : request backend get error: { url: 'http://192.168.9.31:8070/document/students/organizationRelationship/284627125896478720',
  method: 'PUT',
  json: true,
  body: {},
  headers: 
   { 'content-type': 'application/json',
     Authorization: 'schoolId=default;userNo=30920122202446;userId=284627125896478720;isAdmin=true;type=STUDENT',
     'X-Request-Id': '4d94acf5-11d5-434d-83f' },
  forever: true } { code: '10004', message: '参数缺失！', data: null }
2019-06-06 18:27:06.421 error 12356 master                 web --- [process-12356] routes\backend.js              : request backend get error: { url: 'http://192.168.9.31:8070/document/students/organizationRelationship/286091730783043584?organizationRelationship=',
  method: 'PUT',
  json: true,
  body: {},
  headers: 
   { 'content-type': 'application/json',
     Authorization: 'schoolId=default;userNo=30920122202446;userId=284627125896478720;isAdmin=true;type=STUDENT',
     'X-Request-Id': '14bfe942-e5fd-47b8-b05' },
  forever: true } { code: '10004', message: '参数缺失！', data: null }
2019-06-06 18:52:33.455 error 12356 master                 web --- [process-12356] routes\backend.js              : request backend get error: { url: 'http://192.168.9.31:8070/document/students/organizationRelationship/286091730778849280?organizationRelationship=',
  method: 'PUT',
  json: true,
  body: {},
  headers: 
   { 'content-type': 'application/json',
     Authorization: 'schoolId=default;userNo=30920122202446;userId=284627125896478720;isAdmin=true;type=STUDENT',
     'X-Request-Id': '629078d2-e960-4b17-ae1' },
  forever: true } { code: '10004', message: '参数缺失！', data: null }
