2019-05-16 09:46:31.294 error  1476 master                 web --- [process-1476 ] routes\backend.js              : request backend get error: { url: 'http://192.168.9.31:8070/payment/stat?projectIds=&collegeCode=',
  method: 'GET',
  json: true,
  body: { projectIds: '', collegeCode: '' },
  headers: 
   { 'content-type': 'application/json',
     Authorization: 'schoolId=default;userNo=30920122202446;userId=284627125896478720;isAdmin=true;type=STUDENT',
     'X-Request-Id': 'fda3dd4b-8346-4e46-98d' },
  forever: true } { code: '10001', message: '参数数据无效！', data: null }
2019-05-16 09:46:32.499 error  1476 master                 web --- [process-1476 ] routes\backend.js              : request backend get error: { url: 'http://192.168.9.31:8070/payment/stat?projectIds=&collegeCode=',
  method: 'GET',
  json: true,
  body: { projectIds: '', collegeCode: '' },
  headers: 
   { 'content-type': 'application/json',
     Authorization: 'schoolId=default;userNo=30920122202446;userId=284627125896478720;isAdmin=true;type=STUDENT',
     'X-Request-Id': '20ffb9c4-23aa-44a8-afc' },
  forever: true } { code: '10001', message: '参数数据无效！', data: null }
2019-05-16 09:46:34.003 error  1476 master                 web --- [process-1476 ] routes\backend.js              : request backend get error: { url: 'http://192.168.9.31:8070/payment/stat?projectIds=&collegeCode=',
  method: 'GET',
  json: true,
  body: { projectIds: '', collegeCode: '' },
  headers: 
   { 'content-type': 'application/json',
     Authorization: 'schoolId=default;userNo=30920122202446;userId=284627125896478720;isAdmin=true;type=STUDENT',
     'X-Request-Id': 'a7118a16-310f-4c65-b20' },
  forever: true } { code: '10001', message: '参数数据无效！', data: null }
2019-05-16 18:00:31.051 error 20236 f258f612-d3cd-4110-866 web --- [process-20236] build\webpack.dev.conf.js      : { TypeError: sessionUtil.getEnrollmentCookie is not a function
    at router.get (E:\workspace\xchs\saas-web\trunk\saas1.0-1\routes\login.js:462:19)
    at Layer.handle [as handle_request] (E:\workspace\xchs\saas-web\trunk\saas1.0-1\node_modules\_express@4.16.4@express\lib\router\layer.js:95:5)
    at next (E:\workspace\xchs\saas-web\trunk\saas1.0-1\node_modules\_express@4.16.4@express\lib\router\route.js:137:13)
    at Route.dispatch (E:\workspace\xchs\saas-web\trunk\saas1.0-1\node_modules\_express@4.16.4@express\lib\router\route.js:112:3)
    at Layer.handle [as handle_request] (E:\workspace\xchs\saas-web\trunk\saas1.0-1\node_modules\_express@4.16.4@express\lib\router\layer.js:95:5)
    at E:\workspace\xchs\saas-web\trunk\saas1.0-1\node_modules\_express@4.16.4@express\lib\router\index.js:281:22
    at Function.process_params (E:\workspace\xchs\saas-web\trunk\saas1.0-1\node_modules\_express@4.16.4@express\lib\router\index.js:335:12)
    at next (E:\workspace\xchs\saas-web\trunk\saas1.0-1\node_modules\_express@4.16.4@express\lib\router\index.js:275:10)
    at Function.handle (E:\workspace\xchs\saas-web\trunk\saas1.0-1\node_modules\_express@4.16.4@express\lib\router\index.js:174:3)
    at router (E:\workspace\xchs\saas-web\trunk\saas1.0-1\node_modules\_express@4.16.4@express\lib\router\index.js:47:12)
    at Layer.handle [as handle_request] (E:\workspace\xchs\saas-web\trunk\saas1.0-1\node_modules\_express@4.16.4@express\lib\router\layer.js:95:5)
    at trim_prefix (E:\workspace\xchs\saas-web\trunk\saas1.0-1\node_modules\_express@4.16.4@express\lib\router\index.js:317:13)
    at E:\workspace\xchs\saas-web\trunk\saas1.0-1\node_modules\_express@4.16.4@express\lib\router\index.js:284:7
    at Function.process_params (E:\workspace\xchs\saas-web\trunk\saas1.0-1\node_modules\_express@4.16.4@express\lib\router\index.js:335:12)
    at next (E:\workspace\xchs\saas-web\trunk\saas1.0-1\node_modules\_express@4.16.4@express\lib\router\index.js:275:10)
    at E:\workspace\xchs\saas-web\trunk\saas1.0-1\node_modules\_express@4.16.4@express\lib\router\index.js:635:15
  context: 
   { originalUrl: '/logout',
     method: 'GET',
     ips: [],
     query: {},
     body: {} } }
2019-05-16 18:04:54.727 error 20236 cc1b245c-161c-4d5a-a95 web --- [process-20236] build\webpack.dev.conf.js      : { TypeError: sessionUtil.getEnrollmentCookie is not a function
    at router.get (E:\workspace\xchs\saas-web\trunk\saas1.0-1\routes\login.js:462:19)
    at Layer.handle [as handle_request] (E:\workspace\xchs\saas-web\trunk\saas1.0-1\node_modules\_express@4.16.4@express\lib\router\layer.js:95:5)
    at next (E:\workspace\xchs\saas-web\trunk\saas1.0-1\node_modules\_express@4.16.4@express\lib\router\route.js:137:13)
    at Route.dispatch (E:\workspace\xchs\saas-web\trunk\saas1.0-1\node_modules\_express@4.16.4@express\lib\router\route.js:112:3)
    at Layer.handle [as handle_request] (E:\workspace\xchs\saas-web\trunk\saas1.0-1\node_modules\_express@4.16.4@express\lib\router\layer.js:95:5)
    at E:\workspace\xchs\saas-web\trunk\saas1.0-1\node_modules\_express@4.16.4@express\lib\router\index.js:281:22
    at Function.process_params (E:\workspace\xchs\saas-web\trunk\saas1.0-1\node_modules\_express@4.16.4@express\lib\router\index.js:335:12)
    at next (E:\workspace\xchs\saas-web\trunk\saas1.0-1\node_modules\_express@4.16.4@express\lib\router\index.js:275:10)
    at Function.handle (E:\workspace\xchs\saas-web\trunk\saas1.0-1\node_modules\_express@4.16.4@express\lib\router\index.js:174:3)
    at router (E:\workspace\xchs\saas-web\trunk\saas1.0-1\node_modules\_express@4.16.4@express\lib\router\index.js:47:12)
    at Layer.handle [as handle_request] (E:\workspace\xchs\saas-web\trunk\saas1.0-1\node_modules\_express@4.16.4@express\lib\router\layer.js:95:5)
    at trim_prefix (E:\workspace\xchs\saas-web\trunk\saas1.0-1\node_modules\_express@4.16.4@express\lib\router\index.js:317:13)
    at E:\workspace\xchs\saas-web\trunk\saas1.0-1\node_modules\_express@4.16.4@express\lib\router\index.js:284:7
    at Function.process_params (E:\workspace\xchs\saas-web\trunk\saas1.0-1\node_modules\_express@4.16.4@express\lib\router\index.js:335:12)
    at next (E:\workspace\xchs\saas-web\trunk\saas1.0-1\node_modules\_express@4.16.4@express\lib\router\index.js:275:10)
    at E:\workspace\xchs\saas-web\trunk\saas1.0-1\node_modules\_express@4.16.4@express\lib\router\index.js:635:15
  context: 
   { originalUrl: '/logout',
     method: 'GET',
     ips: [],
     query: {},
     body: {} } }
