2019-06-12 10:28:04.758 error 22456 master                 web --- [process-22456] routes\backend.js              : request backend get error: { url: 'http://192.168.9.31:8070/formEngine/business/405/myFormInstance?',
  method: 'GET',
  json: true,
  body: {},
  headers: 
   { 'content-type': 'application/json',
     Authorization: 'schoolId=default;userNo=30920122202446;userId=284627125896478720;isAdmin=true;type=STUDENT',
     'X-Request-Id': 'b934a7ab-dfec-4363-9b0' },
  forever: true } { code: 'ECONNRESET',
  message: 'ECONNRESET',
  stack: 'ECONNRESETError: socket hang up\n    at createHangUpError (_http_client.js:323:15)\n    at Socket.socketOnEnd (_http_client.js:426:23)\n    at Socket.emit (events.js:194:15)\n    at endReadableNT (_stream_readable.js:1103:12)\n    at process._tickCallback (internal/process/next_tick.js:63:19)',
  name: 'ECONNRESETError',
  status: 500 }
2019-06-12 10:28:04.760 error 22456 master                 web --- [process-22456] routes\backend.js              : request backend get error: { url: 'http://192.168.9.31:8070/formEngine/business/405/myFormInstance?',
  method: 'GET',
  json: true,
  body: {},
  headers: 
   { 'content-type': 'application/json',
     Authorization: 'schoolId=default;userNo=30920122202446;userId=284627125896478720;isAdmin=true;type=STUDENT',
     'X-Request-Id': 'd12a0fbb-c5a4-4c7a-a9c' },
  forever: true } { code: 'ECONNRESET',
  message: 'ECONNRESET',
  stack: 'ECONNRESETError: socket hang up\n    at createHangUpError (_http_client.js:323:15)\n    at Socket.socketOnEnd (_http_client.js:426:23)\n    at Socket.emit (events.js:194:15)\n    at endReadableNT (_stream_readable.js:1103:12)\n    at process._tickCallback (internal/process/next_tick.js:63:19)',
  name: 'ECONNRESETError',
  status: 500 }
2019-06-12 10:30:06.162 error 22456 master                 web --- [process-22456] routes\backend.js              : { Error: socket hang up
    at createHangUpError (_http_client.js:331:15)
    at Socket.socketOnEnd (_http_client.js:423:23)
    at emitNone (events.js:111:20)
    at Socket.emit (events.js:208:7)
    at endReadableNT (_stream_readable.js:1064:12)
    at E:\workspace\xchs\saas-web\trunk\saas1.0-1\node_modules\_async-listener@0.6.10@async-listener\glue.js:188:31
    at _combinedTickCallback (internal/process/next_tick.js:138:11)
    at process._tickCallback (internal/process/next_tick.js:180:9)
  code: 'ECONNRESET',
  context: 
   { option: 
      { url: 'http://192.168.9.31:8070/processEngine/processInstances?action=agree',
        method: 'PUT',
        json: true,
        body: [Object],
        headers: [Object],
        forever: true } } }
2019-06-12 10:30:06.164 error 22456 master                 web --- [process-22456] routes\backend.js              : request backend get error: { url: 'http://192.168.9.31:8070/processEngine/processInstances?action=agree',
  method: 'PUT',
  json: true,
  body: 
   { id: '5ce3b18883a5eb54bafae224',
     formData: [ [Object], [Object], [Object], [Object] ],
     variable: { appId: '236', businessId: 513 } },
  headers: 
   { 'content-type': 'application/json',
     Authorization: 'schoolId=default;userNo=30920122202446;userId=284627125896478720;isAdmin=true;type=STUDENT',
     'X-Request-Id': '9cf07357-04d6-4ab7-a27' },
  forever: true } { message: '系统升级中...' }
2019-06-12 10:30:18.281 error 22456 master                 web --- [process-22456] routes\backend.js              : { Error: socket hang up
    at createHangUpError (_http_client.js:331:15)
    at Socket.socketOnEnd (_http_client.js:423:23)
    at emitNone (events.js:111:20)
    at Socket.emit (events.js:208:7)
    at endReadableNT (_stream_readable.js:1064:12)
    at E:\workspace\xchs\saas-web\trunk\saas1.0-1\node_modules\_async-listener@0.6.10@async-listener\glue.js:188:31
    at _combinedTickCallback (internal/process/next_tick.js:138:11)
    at process._tickCallback (internal/process/next_tick.js:180:9)
  code: 'ECONNRESET',
  context: 
   { option: 
      { url: 'http://192.168.9.31:8070/processEngine/processInstances?action=reject',
        method: 'PUT',
        json: true,
        body: [Object],
        headers: [Object],
        forever: true } } }
2019-06-12 10:30:18.284 error 22456 master                 web --- [process-22456] routes\backend.js              : request backend get error: { url: 'http://192.168.9.31:8070/processEngine/processInstances?action=reject',
  method: 'PUT',
  json: true,
  body: 
   { id: '5ce3b18883a5eb54bafae224',
     formData: [ [Object], [Object], [Object], [Object] ],
     variable: { appId: '236', businessId: 513 } },
  headers: 
   { 'content-type': 'application/json',
     Authorization: 'schoolId=default;userNo=30920122202446;userId=284627125896478720;isAdmin=true;type=STUDENT',
     'X-Request-Id': 'af598efe-10b8-420e-8b8' },
  forever: true } { message: '系统升级中...' }
2019-06-12 10:30:31.432 error 22456 master                 web --- [process-22456] routes\backend.js              : { Error: socket hang up
    at createHangUpError (_http_client.js:331:15)
    at Socket.socketOnEnd (_http_client.js:423:23)
    at emitNone (events.js:111:20)
    at Socket.emit (events.js:208:7)
    at endReadableNT (_stream_readable.js:1064:12)
    at E:\workspace\xchs\saas-web\trunk\saas1.0-1\node_modules\_async-listener@0.6.10@async-listener\glue.js:188:31
    at _combinedTickCallback (internal/process/next_tick.js:138:11)
    at process._tickCallback (internal/process/next_tick.js:180:9)
  code: 'ECONNRESET',
  context: 
   { option: 
      { url: 'http://192.168.9.31:8070/processEngine/processInstances?action=disagree&message=%E9%98%B2%E5%AE%88%E6%89%93%E6%B3%95',
        method: 'PUT',
        json: true,
        body: [Object],
        headers: [Object],
        forever: true } } }
2019-06-12 10:30:31.434 error 22456 master                 web --- [process-22456] routes\backend.js              : request backend get error: { url: 'http://192.168.9.31:8070/processEngine/processInstances?action=disagree&message=%E9%98%B2%E5%AE%88%E6%89%93%E6%B3%95',
  method: 'PUT',
  json: true,
  body: 
   { id: '5ce3b18883a5eb54bafae224',
     formData: [ [Object], [Object], [Object], [Object] ],
     variable: { appId: '236', businessId: 513 } },
  headers: 
   { 'content-type': 'application/json',
     Authorization: 'schoolId=default;userNo=30920122202446;userId=284627125896478720;isAdmin=true;type=STUDENT',
     'X-Request-Id': 'cfe41927-1591-4a26-b02' },
  forever: true } { message: '系统升级中...' }
2019-06-12 10:30:46.458 error 22456 master                 web --- [process-22456] routes\backend.js              : { Error: socket hang up
    at createHangUpError (_http_client.js:331:15)
    at Socket.socketOnEnd (_http_client.js:423:23)
    at emitNone (events.js:111:20)
    at Socket.emit (events.js:208:7)
    at endReadableNT (_stream_readable.js:1064:12)
    at E:\workspace\xchs\saas-web\trunk\saas1.0-1\node_modules\_async-listener@0.6.10@async-listener\glue.js:188:31
    at _combinedTickCallback (internal/process/next_tick.js:138:11)
    at process._tickCallback (internal/process/next_tick.js:180:9)
  code: 'ECONNRESET',
  context: 
   { option: 
      { url: 'http://192.168.9.31:8070/relationship/checkUserId/30920122202446?',
        method: 'GET',
        json: true,
        body: {},
        headers: [Object],
        forever: true } } }
2019-06-12 10:30:46.462 error 22456 master                 web --- [process-22456] routes\backend.js              : request backend get error: { url: 'http://192.168.9.31:8070/relationship/checkUserId/30920122202446?',
  method: 'GET',
  json: true,
  body: {},
  headers: 
   { 'content-type': 'application/json',
     Authorization: 'schoolId=default;userNo=30920122202446;userId=284627125896478720;isAdmin=true;type=STUDENT',
     'X-Request-Id': '98621ab3-0166-414e-984' },
  forever: true } { message: '系统升级中...' }
2019-06-12 10:30:46.463 error 22456 master                 web --- [process-22456] routes\backend.js              : { Error: socket hang up
    at createHangUpError (_http_client.js:331:15)
    at Socket.socketOnEnd (_http_client.js:423:23)
    at emitNone (events.js:111:20)
    at Socket.emit (events.js:208:7)
    at endReadableNT (_stream_readable.js:1064:12)
    at E:\workspace\xchs\saas-web\trunk\saas1.0-1\node_modules\_async-listener@0.6.10@async-listener\glue.js:188:31
    at _combinedTickCallback (internal/process/next_tick.js:138:11)
    at process._tickCallback (internal/process/next_tick.js:180:9)
  code: 'ECONNRESET',
  context: 
   { option: 
      { url: 'http://192.168.9.31:8070/relationship/checkUserId/30920122202446?',
        method: 'GET',
        json: true,
        body: {},
        headers: [Object],
        forever: true } } }
2019-06-12 10:30:46.464 error 22456 master                 web --- [process-22456] routes\backend.js              : request backend get error: { url: 'http://192.168.9.31:8070/relationship/checkUserId/30920122202446?',
  method: 'GET',
  json: true,
  body: {},
  headers: 
   { 'content-type': 'application/json',
     Authorization: 'schoolId=default;userNo=30920122202446;userId=284627125896478720;isAdmin=true;type=STUDENT',
     'X-Request-Id': 'ca2b5cb5-eff0-4fcd-be0' },
  forever: true } { message: '系统升级中...' }
2019-06-12 10:30:47.271 error 22456 master                 web --- [process-22456] routes\backend.js              : { Error: socket hang up
    at createHangUpError (_http_client.js:331:15)
    at Socket.socketOnEnd (_http_client.js:423:23)
    at emitNone (events.js:111:20)
    at Socket.emit (events.js:208:7)
    at endReadableNT (_stream_readable.js:1064:12)
    at E:\workspace\xchs\saas-web\trunk\saas1.0-1\node_modules\_async-listener@0.6.10@async-listener\glue.js:188:31
    at _combinedTickCallback (internal/process/next_tick.js:138:11)
    at process._tickCallback (internal/process/next_tick.js:180:9)
  code: 'ECONNRESET',
  context: 
   { option: 
      { url: 'http://192.168.9.31:8070/relationship/checkUserId/30920122202446?',
        method: 'GET',
        json: true,
        body: {},
        headers: [Object],
        forever: true } } }
2019-06-12 10:30:47.273 error 22456 master                 web --- [process-22456] routes\backend.js              : request backend get error: { url: 'http://192.168.9.31:8070/relationship/checkUserId/30920122202446?',
  method: 'GET',
  json: true,
  body: {},
  headers: 
   { 'content-type': 'application/json',
     Authorization: 'schoolId=default;userNo=30920122202446;userId=284627125896478720;isAdmin=true;type=STUDENT',
     'X-Request-Id': 'f6896257-ef9f-4a93-b13' },
  forever: true } { message: '系统升级中...' }
2019-06-12 10:30:47.835 error 22456 master                 web --- [process-22456] routes\backend.js              : { Error: socket hang up
    at createHangUpError (_http_client.js:331:15)
    at Socket.socketOnEnd (_http_client.js:423:23)
    at emitNone (events.js:111:20)
    at Socket.emit (events.js:208:7)
    at endReadableNT (_stream_readable.js:1064:12)
    at E:\workspace\xchs\saas-web\trunk\saas1.0-1\node_modules\_async-listener@0.6.10@async-listener\glue.js:188:31
    at _combinedTickCallback (internal/process/next_tick.js:138:11)
    at process._tickCallback (internal/process/next_tick.js:180:9)
  code: 'ECONNRESET',
  context: 
   { option: 
      { url: 'http://192.168.9.31:8070/relationship/checkUserId/30920122202446?',
        method: 'GET',
        json: true,
        body: {},
        headers: [Object],
        forever: true } } }
2019-06-12 10:30:47.841 error 22456 master                 web --- [process-22456] routes\backend.js              : request backend get error: { url: 'http://192.168.9.31:8070/relationship/checkUserId/30920122202446?',
  method: 'GET',
  json: true,
  body: {},
  headers: 
   { 'content-type': 'application/json',
     Authorization: 'schoolId=default;userNo=30920122202446;userId=284627125896478720;isAdmin=true;type=STUDENT',
     'X-Request-Id': '6d8bc423-7d48-44f7-aec' },
  forever: true } { message: '系统升级中...' }
2019-06-12 10:30:52.872 error 22456 master                 web --- [process-22456] routes\backend.js              : { Error: socket hang up
    at createHangUpError (_http_client.js:331:15)
    at Socket.socketOnEnd (_http_client.js:423:23)
    at emitNone (events.js:111:20)
    at Socket.emit (events.js:208:7)
    at endReadableNT (_stream_readable.js:1064:12)
    at E:\workspace\xchs\saas-web\trunk\saas1.0-1\node_modules\_async-listener@0.6.10@async-listener\glue.js:188:31
    at _combinedTickCallback (internal/process/next_tick.js:138:11)
    at process._tickCallback (internal/process/next_tick.js:180:9)
  code: 'ECONNRESET',
  context: 
   { option: 
      { url: 'http://192.168.9.31:8070/relationship/checkUserId/30920122202446?',
        method: 'GET',
        json: true,
        body: {},
        headers: [Object],
        forever: true } } }
2019-06-12 10:30:52.873 error 22456 master                 web --- [process-22456] routes\backend.js              : request backend get error: { url: 'http://192.168.9.31:8070/relationship/checkUserId/30920122202446?',
  method: 'GET',
  json: true,
  body: {},
  headers: 
   { 'content-type': 'application/json',
     Authorization: 'schoolId=default;userNo=30920122202446;userId=284627125896478720;isAdmin=true;type=STUDENT',
     'X-Request-Id': 'aa8ee787-729e-4d06-bf0' },
  forever: true } { message: '系统升级中...' }
2019-06-12 10:31:05.532 error 22456 master                 web --- [process-22456] routes\backend.js              : { Error: socket hang up
    at createHangUpError (_http_client.js:331:15)
    at Socket.socketOnEnd (_http_client.js:423:23)
    at emitNone (events.js:111:20)
    at Socket.emit (events.js:208:7)
    at endReadableNT (_stream_readable.js:1064:12)
    at E:\workspace\xchs\saas-web\trunk\saas1.0-1\node_modules\_async-listener@0.6.10@async-listener\glue.js:188:31
    at _combinedTickCallback (internal/process/next_tick.js:138:11)
    at process._tickCallback (internal/process/next_tick.js:180:9)
  code: 'ECONNRESET',
  context: 
   { option: 
      { url: 'http://192.168.9.31:8070/relationship/checkUserId/30920122202446?',
        method: 'GET',
        json: true,
        body: {},
        headers: [Object],
        forever: true } } }
2019-06-12 10:31:05.533 error 22456 master                 web --- [process-22456] routes\backend.js              : request backend get error: { url: 'http://192.168.9.31:8070/relationship/checkUserId/30920122202446?',
  method: 'GET',
  json: true,
  body: {},
  headers: 
   { 'content-type': 'application/json',
     Authorization: 'schoolId=default;userNo=30920122202446;userId=284627125896478720;isAdmin=true;type=STUDENT',
     'X-Request-Id': '2df5e133-785e-4d95-bc2' },
  forever: true } { message: '系统升级中...' }
2019-06-12 10:31:16.450 error 22456 master                 web --- [process-22456] routes\backend.js              : { Error: socket hang up
    at createHangUpError (_http_client.js:331:15)
    at Socket.socketOnEnd (_http_client.js:423:23)
    at emitNone (events.js:111:20)
    at Socket.emit (events.js:208:7)
    at endReadableNT (_stream_readable.js:1064:12)
    at E:\workspace\xchs\saas-web\trunk\saas1.0-1\node_modules\_async-listener@0.6.10@async-listener\glue.js:188:31
    at _combinedTickCallback (internal/process/next_tick.js:138:11)
    at process._tickCallback (internal/process/next_tick.js:180:9)
  code: 'ECONNRESET',
  context: 
   { option: 
      { url: 'http://192.168.9.31:8070/relationship/checkUserId/30920122202446?',
        method: 'GET',
        json: true,
        body: {},
        headers: [Object],
        forever: true } } }
2019-06-12 10:31:16.451 error 22456 master                 web --- [process-22456] routes\backend.js              : request backend get error: { url: 'http://192.168.9.31:8070/relationship/checkUserId/30920122202446?',
  method: 'GET',
  json: true,
  body: {},
  headers: 
   { 'content-type': 'application/json',
     Authorization: 'schoolId=default;userNo=30920122202446;userId=284627125896478720;isAdmin=true;type=STUDENT',
     'X-Request-Id': '49774a6e-bc00-4e19-838' },
  forever: true } { message: '系统升级中...' }
2019-06-12 10:31:16.453 error 22456 master                 web --- [process-22456] routes\backend.js              : { Error: socket hang up
    at createHangUpError (_http_client.js:331:15)
    at Socket.socketOnEnd (_http_client.js:423:23)
    at emitNone (events.js:111:20)
    at Socket.emit (events.js:208:7)
    at endReadableNT (_stream_readable.js:1064:12)
    at E:\workspace\xchs\saas-web\trunk\saas1.0-1\node_modules\_async-listener@0.6.10@async-listener\glue.js:188:31
    at _combinedTickCallback (internal/process/next_tick.js:138:11)
    at process._tickCallback (internal/process/next_tick.js:180:9)
  code: 'ECONNRESET',
  context: 
   { option: 
      { url: 'http://192.168.9.31:8070/relationship/checkUserId/30920122202446?',
        method: 'GET',
        json: true,
        body: {},
        headers: [Object],
        forever: true } } }
2019-06-12 10:31:16.454 error 22456 master                 web --- [process-22456] routes\backend.js              : request backend get error: { url: 'http://192.168.9.31:8070/relationship/checkUserId/30920122202446?',
  method: 'GET',
  json: true,
  body: {},
  headers: 
   { 'content-type': 'application/json',
     Authorization: 'schoolId=default;userNo=30920122202446;userId=284627125896478720;isAdmin=true;type=STUDENT',
     'X-Request-Id': '9285103a-518b-4ab6-b27' },
  forever: true } { message: '系统升级中...' }
2019-06-12 10:31:22.798 error 22456 master                 web --- [process-22456] routes\backend.js              : { Error: socket hang up
    at createHangUpError (_http_client.js:331:15)
    at Socket.socketOnEnd (_http_client.js:423:23)
    at emitNone (events.js:111:20)
    at Socket.emit (events.js:208:7)
    at endReadableNT (_stream_readable.js:1064:12)
    at E:\workspace\xchs\saas-web\trunk\saas1.0-1\node_modules\_async-listener@0.6.10@async-listener\glue.js:188:31
    at _combinedTickCallback (internal/process/next_tick.js:138:11)
    at process._tickCallback (internal/process/next_tick.js:180:9)
  code: 'ECONNRESET',
  context: 
   { option: 
      { url: 'http://192.168.9.31:8070/processEngine/tasks/done?page=0&size=20',
        method: 'GET',
        json: true,
        body: [Object],
        headers: [Object],
        forever: true } } }
2019-06-12 10:31:22.802 error 22456 master                 web --- [process-22456] routes\backend.js              : request backend get error: { url: 'http://192.168.9.31:8070/processEngine/tasks/done?page=0&size=20',
  method: 'GET',
  json: true,
  body: { page: '0', size: '20' },
  headers: 
   { 'content-type': 'application/json',
     Authorization: 'schoolId=default;userNo=30920122202446;userId=284627125896478720;isAdmin=true;type=STUDENT',
     'X-Request-Id': 'd1926eff-4ff2-42a4-b27' },
  forever: true } { message: '系统升级中...' }
2019-06-12 10:31:23.578 error 22456 master                 web --- [process-22456] routes\backend.js              : { Error: socket hang up
    at createHangUpError (_http_client.js:331:15)
    at Socket.socketOnEnd (_http_client.js:423:23)
    at emitNone (events.js:111:20)
    at Socket.emit (events.js:208:7)
    at endReadableNT (_stream_readable.js:1064:12)
    at E:\workspace\xchs\saas-web\trunk\saas1.0-1\node_modules\_async-listener@0.6.10@async-listener\glue.js:188:31
    at _combinedTickCallback (internal/process/next_tick.js:138:11)
    at process._tickCallback (internal/process/next_tick.js:180:9)
  code: 'ECONNRESET',
  context: 
   { option: 
      { url: 'http://192.168.9.31:8070/processEngine/processInstances/myCarbonCopy?page=0&size=20',
        method: 'GET',
        json: true,
        body: [Object],
        headers: [Object],
        forever: true } } }
2019-06-12 10:31:23.580 error 22456 master                 web --- [process-22456] routes\backend.js              : request backend get error: { url: 'http://192.168.9.31:8070/processEngine/processInstances/myCarbonCopy?page=0&size=20',
  method: 'GET',
  json: true,
  body: { page: '0', size: '20' },
  headers: 
   { 'content-type': 'application/json',
     Authorization: 'schoolId=default;userNo=30920122202446;userId=284627125896478720;isAdmin=true;type=STUDENT',
     'X-Request-Id': '49dd367e-f05b-4ae1-8e2' },
  forever: true } { message: '系统升级中...' }
2019-06-12 10:31:24.478 error 22456 master                 web --- [process-22456] routes\backend.js              : { Error: socket hang up
    at createHangUpError (_http_client.js:331:15)
    at Socket.socketOnEnd (_http_client.js:423:23)
    at emitNone (events.js:111:20)
    at Socket.emit (events.js:208:7)
    at endReadableNT (_stream_readable.js:1064:12)
    at E:\workspace\xchs\saas-web\trunk\saas1.0-1\node_modules\_async-listener@0.6.10@async-listener\glue.js:188:31
    at _combinedTickCallback (internal/process/next_tick.js:138:11)
    at process._tickCallback (internal/process/next_tick.js:180:9)
  code: 'ECONNRESET',
  context: 
   { option: 
      { url: 'http://192.168.9.31:8070/processEngine/myProcessInstances?page=0&size=20',
        method: 'GET',
        json: true,
        body: [Object],
        headers: [Object],
        forever: true } } }
2019-06-12 10:31:24.479 error 22456 master                 web --- [process-22456] routes\backend.js              : request backend get error: { url: 'http://192.168.9.31:8070/processEngine/myProcessInstances?page=0&size=20',
  method: 'GET',
  json: true,
  body: { page: '0', size: '20' },
  headers: 
   { 'content-type': 'application/json',
     Authorization: 'schoolId=default;userNo=30920122202446;userId=284627125896478720;isAdmin=true;type=STUDENT',
     'X-Request-Id': 'e5a4beba-df6a-4c54-b60' },
  forever: true } { message: '系统升级中...' }
2019-06-12 10:31:26.041 error 22456 master                 web --- [process-22456] routes\backend.js              : { Error: socket hang up
    at createHangUpError (_http_client.js:331:15)
    at Socket.socketOnEnd (_http_client.js:423:23)
    at emitNone (events.js:111:20)
    at Socket.emit (events.js:208:7)
    at endReadableNT (_stream_readable.js:1064:12)
    at E:\workspace\xchs\saas-web\trunk\saas1.0-1\node_modules\_async-listener@0.6.10@async-listener\glue.js:188:31
    at _combinedTickCallback (internal/process/next_tick.js:138:11)
    at process._tickCallback (internal/process/next_tick.js:180:9)
  code: 'ECONNRESET',
  context: 
   { option: 
      { url: 'http://192.168.9.31:8070/processEngine/tasks/todo?page=0&size=20&businessId=745',
        method: 'GET',
        json: true,
        body: [Object],
        headers: [Object],
        forever: true } } }
2019-06-12 10:31:26.042 error 22456 master                 web --- [process-22456] routes\backend.js              : request backend get error: { url: 'http://192.168.9.31:8070/processEngine/tasks/todo?page=0&size=20&businessId=745',
  method: 'GET',
  json: true,
  body: { page: '0', size: '20', businessId: '745' },
  headers: 
   { 'content-type': 'application/json',
     Authorization: 'schoolId=default;userNo=30920122202446;userId=284627125896478720;isAdmin=true;type=STUDENT',
     'X-Request-Id': 'd0526018-c64f-4980-8f8' },
  forever: true } { message: '系统升级中...' }
2019-06-12 14:53:01.539 error 20388 master                 web --- [process-20388] routes\backend.js              : request backend get error: { url: 'http://192.168.9.31:8070/apartment/userChoose/applyStatus?',
  method: 'GET',
  json: true,
  body: {},
  headers: 
   { 'content-type': 'application/json',
     Authorization: 'schoolId=default;userNo=30920122202446;userId=284627125896478720;isAdmin=true;type=STUDENT',
     'X-Request-Id': '27863c98-e8ca-48be-b34' },
  forever: true } { code: '00001',
  message: '请求失败',
  data: 'nested exception is org.apache.ibatis.exceptions.TooManyResultsException: Expected one result (or null) to be returned by selectOne(), but found: 5' }
