2019-05-31 14:36:21.402 error 14120 master                 web --- [process-14120] routes\backend.js              : request backend get error: { url: 'http://192.168.9.31:8070/archives/query/getEnrollResult?name=%E5%A4%A7%E8%90%A8%E8%BE%BE&studentNo=18150&idCardNo=112546',
  method: 'GET',
  json: true,
  body: { name: '大萨达', studentNo: '18150', idCardNo: '112546' },
  headers: 
   { 'content-type': 'application/json',
     Authorization: 'schoolId=default;userNo=30920122202446;userId=284627125896478720;isAdmin=true;type=STUDENT',
     'X-Request-Id': '21f07346-e7a4-4609-a35' },
  forever: true } { code: '10005', message: '10005', data: null }
2019-05-31 14:36:25.348 error 14120 master                 web --- [process-14120] routes\backend.js              : request backend get error: { url: 'http://192.168.9.31:8070/archives/query/getEnrollResult?name=%E5%A4%A7%E8%90%A8%E8%BE%BE&studentNo=18150&idCardNo=112546',
  method: 'GET',
  json: true,
  body: { name: '大萨达', studentNo: '18150', idCardNo: '112546' },
  headers: 
   { 'content-type': 'application/json',
     Authorization: 'schoolId=default;userNo=30920122202446;userId=284627125896478720;isAdmin=true;type=STUDENT',
     'X-Request-Id': '13032901-c0cb-4bd1-be6' },
  forever: true } { code: '10005', message: '10005', data: null }
2019-05-31 14:36:25.833 error 14120 master                 web --- [process-14120] routes\backend.js              : request backend get error: { url: 'http://192.168.9.31:8070/archives/query/getEnrollResult?name=%E5%A4%A7%E8%90%A8%E8%BE%BE&studentNo=18150&idCardNo=112546',
  method: 'GET',
  json: true,
  body: { name: '大萨达', studentNo: '18150', idCardNo: '112546' },
  headers: 
   { 'content-type': 'application/json',
     Authorization: 'schoolId=default;userNo=30920122202446;userId=284627125896478720;isAdmin=true;type=STUDENT',
     'X-Request-Id': '2d325ac1-3512-47ca-b74' },
  forever: true } { code: '10005', message: '10005', data: null }
2019-05-31 14:56:56.135 error  9576 master                 web --- [process-9576 ] routes\backend.js              : request backend get error: { url: 'http://192.168.9.31:8070/archives/query/getEnrollResult?name=%E8%80%8C%E4%B8%94&studentNo=13232&idCardNo=243342',
  method: 'GET',
  json: true,
  body: { name: '而且', studentNo: '13232', idCardNo: '243342' },
  headers: 
   { 'content-type': 'application/json',
     Authorization: 'schoolId=default;userNo=30920122202446;userId=284627125896478720;isAdmin=true;type=STUDENT',
     'X-Request-Id': 'a19fcc41-ff8e-429e-8f4' },
  forever: true } { code: '10005', message: '10005', data: null }
2019-05-31 15:04:36.572 error  8776 master                 web --- [process-8776 ] routes\backend.js              : request backend get error: { url: 'http://192.168.9.31:8070/archives/query/getEnrollResult?name=%E5%91%B5%E5%91%B5&studentNo=11111&idCardNo=111111',
  method: 'GET',
  json: true,
  body: { name: '呵呵', studentNo: '11111', idCardNo: '111111' },
  headers: 
   { 'content-type': 'application/json',
     Authorization: 'schoolId=default;userNo=30920122202446;userId=284627125896478720;isAdmin=true;type=STUDENT',
     'X-Request-Id': 'b946d75a-673c-44d7-8f8' },
  forever: true } { code: '10005', message: '10005', data: null }
2019-05-31 15:13:51.371 error 12080 master                 web --- [process-12080] routes\backend.js              : request backend get error: { url: 'http://192.168.9.31:8070/archives/query/getEnrollResult?name=%E8%BF%AD%E4%BB%A3&studentNo=1111&idCardNo=111111',
  method: 'GET',
  json: true,
  body: { name: '迭代', studentNo: '1111', idCardNo: '111111' },
  headers: 
   { 'content-type': 'application/json',
     Authorization: 'schoolId=default;userNo=30920122202446;userId=284627125896478720;isAdmin=true;type=STUDENT',
     'X-Request-Id': '6c9030f9-f9e2-4d99-a0a' },
  forever: true } { code: '10005', message: '10005', data: null }
