2019-06-19 09:27:22.140 error 13336 master                 web --- [process-13336] routes\backend.js              : request backend get error: { url: 'http://192.168.9.31:8070/system/dictTypes/pages?pageIndex=0&pageSize=10&lang=&page=0&size=10',
  method: 'GET',
  json: true,
  headers: 
   { 'content-type': 'application/json',
     Authorization: 'schoolId=default;userNo=30920122202446;userId=284627125896478720;type=STUDENT',
     'X-Request-Id': 'f523b2f8-10a5-451c-bc8' },
  body: { pageIndex: '0', pageSize: '10', lang: '', page: 0, size: '10' },
  forever: true } { code: '70001', message: '抱歉，您没有访问权限！', data: null }
2019-06-19 09:29:06.227 error 13336 master                 web --- [process-13336] routes\backend.js              : request backend get error: { url: 'http://192.168.9.31:8070/system/dictTypes/pages?pageIndex=0&pageSize=10&lang=&page=0&size=10',
  method: 'GET',
  json: true,
  headers: 
   { 'content-type': 'application/json',
     Authorization: 'schoolId=default;userNo=30920122202446;userId=284627125896478720;type=STUDENT',
     'X-Request-Id': 'a95fb3e1-6c15-44f2-9aa' },
  body: { pageIndex: '0', pageSize: '10', lang: '', page: 0, size: '10' },
  forever: true } { code: '70001', message: '抱歉，您没有访问权限！', data: null }
2019-06-19 09:29:06.232 error 13336 master                 web --- [process-13336] routes\backend.js              : request backend get error: { url: 'http://192.168.9.31:8070/system/dictTypes/pages?pageIndex=0&pageSize=10&lang=&page=0&size=10',
  method: 'GET',
  json: true,
  headers: 
   { 'content-type': 'application/json',
     Authorization: 'schoolId=default;userNo=30920122202446;userId=284627125896478720;type=STUDENT',
     'X-Request-Id': '55a5cb77-f914-4f8b-897' },
  body: { pageIndex: '0', pageSize: '10', lang: '', page: 0, size: '10' },
  forever: true } { code: '70001', message: '抱歉，您没有访问权限！', data: null }
2019-06-19 09:29:06.236 error 13336 master                 web --- [process-13336] routes\backend.js              : request backend get error: { url: 'http://192.168.9.31:8070/system/dictTypes/pages?pageIndex=0&pageSize=10&lang=&page=0&size=10',
  method: 'GET',
  json: true,
  headers: 
   { 'content-type': 'application/json',
     Authorization: 'schoolId=default;userNo=30920122202446;userId=284627125896478720;type=STUDENT',
     'X-Request-Id': 'eb37baba-4690-4bd1-a02' },
  body: { pageIndex: '0', pageSize: '10', lang: '', page: 0, size: '10' },
  forever: true } { code: '70001', message: '抱歉，您没有访问权限！', data: null }
2019-06-19 09:29:06.244 error 13336 master                 web --- [process-13336] routes\backend.js              : request backend get error: { url: 'http://192.168.9.31:8070/system/dictTypes/pages?pageIndex=0&pageSize=10&lang=&page=0&size=10',
  method: 'GET',
  json: true,
  headers: 
   { 'content-type': 'application/json',
     Authorization: 'schoolId=default;userNo=30920122202446;userId=284627125896478720;type=STUDENT',
     'X-Request-Id': 'cae0bf73-98b2-4f84-8ec' },
  body: { pageIndex: '0', pageSize: '10', lang: '', page: 0, size: '10' },
  forever: true } { code: '70001', message: '抱歉，您没有访问权限！', data: null }
2019-06-19 09:29:06.252 error 13336 master                 web --- [process-13336] routes\backend.js              : request backend get error: { url: 'http://192.168.9.31:8070/system/dictTypes/pages?pageIndex=0&pageSize=10&lang=&page=0&size=10',
  method: 'GET',
  json: true,
  headers: 
   { 'content-type': 'application/json',
     Authorization: 'schoolId=default;userNo=30920122202446;userId=284627125896478720;type=STUDENT',
     'X-Request-Id': 'bd311412-7824-473a-b8b' },
  body: { pageIndex: '0', pageSize: '10', lang: '', page: 0, size: '10' },
  forever: true } { code: '70001', message: '抱歉，您没有访问权限！', data: null }
2019-06-19 10:11:03.117 error 13336 master                 web --- [process-13336] routes\backend.js              : request backend get error: { url: 'http://192.168.9.31:8070/system/dictTypes/pages?pageIndex=0&pageSize=10&lang=&page=0&size=10',
  method: 'GET',
  json: true,
  headers: 
   { 'content-type': 'application/json',
     Authorization: 'schoolId=default;userNo=30920122202446;userId=284627125896478720;type=STUDENT',
     'X-Request-Id': '5752c5d1-7a99-4816-84c' },
  body: { pageIndex: '0', pageSize: '10', lang: '', page: 0, size: '10' },
  forever: true } { code: '70001', message: '抱歉，您没有访问权限！', data: null }
2019-06-19 10:11:38.243 error 13336 master                 web --- [process-13336] routes\backend.js              : request backend get error: { url: 'http://192.168.9.31:8070/system/dictTypes/pages?pageIndex=0&pageSize=10&lang=&page=0&size=10',
  method: 'GET',
  json: true,
  headers: 
   { 'content-type': 'application/json',
     Authorization: 'schoolId=default;userNo=30920122202446;userId=284627125896478720;type=STUDENT',
     'X-Request-Id': '163248f2-0c58-438c-95c' },
  body: { pageIndex: '0', pageSize: '10', lang: '', page: 0, size: '10' },
  forever: true } { code: '70001', message: '抱歉，您没有访问权限！', data: null }
2019-06-19 10:11:41.618 error 13336 master                 web --- [process-13336] routes\backend.js              : request backend get error: { url: 'http://192.168.9.31:8070/system/dictTypes/pages?pageIndex=0&pageSize=10&lang=&page=0&size=10',
  method: 'GET',
  json: true,
  headers: 
   { 'content-type': 'application/json',
     Authorization: 'schoolId=default;userNo=30920122202446;userId=284627125896478720;type=STUDENT',
     'X-Request-Id': '8966d084-b591-495a-9f1' },
  body: { pageIndex: '0', pageSize: '10', lang: '', page: 0, size: '10' },
  forever: true } { code: '70001', message: '抱歉，您没有访问权限！', data: null }
2019-06-19 17:10:43.839 error 12512 master                 web --- [process-12512] routes\backend.js              : { Error: socket hang up
    at createHangUpError (_http_client.js:331:15)
    at Socket.socketOnEnd (_http_client.js:423:23)
    at emitNone (events.js:111:20)
    at Socket.emit (events.js:208:7)
    at endReadableNT (_stream_readable.js:1064:12)
    at E:\workspace\xchs\saas-web\trunk\saas1.0-1\node_modules\_async-listener@0.6.10@async-listener\glue.js:188:31
    at _combinedTickCallback (internal/process/next_tick.js:138:11)
    at process._tickCallback (internal/process/next_tick.js:180:9)
  code: 'ECONNRESET',
  context: 
   { option: 
      { url: 'http://192.168.9.31:8070/message/quiry?',
        method: 'GET',
        json: true,
        body: {},
        headers: [Object],
        forever: true } } }
2019-06-19 17:10:43.840 error 12512 master                 web --- [process-12512] routes\backend.js              : request backend get error: { url: 'http://192.168.9.31:8070/message/quiry?',
  method: 'GET',
  json: true,
  body: {},
  headers: 
   { 'content-type': 'application/json',
     Authorization: 'schoolId=default;userNo=30920122202446;userId=284627125896478720;isAdmin=true;type=STUDENT',
     'X-Request-Id': '31fee776-6cc2-4371-a47' },
  forever: true } { message: '系统升级中...' }
2019-06-19 17:10:43.841 error 12512 master                 web --- [process-12512] routes\backend.js              : { Error: socket hang up
    at createHangUpError (_http_client.js:331:15)
    at Socket.socketOnEnd (_http_client.js:423:23)
    at emitNone (events.js:111:20)
    at Socket.emit (events.js:208:7)
    at endReadableNT (_stream_readable.js:1064:12)
    at E:\workspace\xchs\saas-web\trunk\saas1.0-1\node_modules\_async-listener@0.6.10@async-listener\glue.js:188:31
    at _combinedTickCallback (internal/process/next_tick.js:138:11)
    at process._tickCallback (internal/process/next_tick.js:180:9)
  code: 'ECONNRESET',
  context: 
   { option: 
      { url: 'http://192.168.9.31:8070/relationship/instructor/check?',
        method: 'GET',
        json: true,
        body: {},
        headers: [Object],
        forever: true } } }
2019-06-19 17:10:43.842 error 12512 master                 web --- [process-12512] routes\backend.js              : request backend get error: { url: 'http://192.168.9.31:8070/relationship/instructor/check?',
  method: 'GET',
  json: true,
  body: {},
  headers: 
   { 'content-type': 'application/json',
     Authorization: 'schoolId=default;userNo=30920122202446;userId=284627125896478720;isAdmin=true;type=STUDENT',
     'X-Request-Id': '3b4fa245-1030-42c3-ae1' },
  forever: true } { message: '系统升级中...' }
2019-06-19 17:11:13.452 error 12512 master                 web --- [process-12512] routes\backend.js              : { Error: socket hang up
    at createHangUpError (_http_client.js:331:15)
    at Socket.socketOnEnd (_http_client.js:423:23)
    at emitNone (events.js:111:20)
    at Socket.emit (events.js:208:7)
    at endReadableNT (_stream_readable.js:1064:12)
    at E:\workspace\xchs\saas-web\trunk\saas1.0-1\node_modules\_async-listener@0.6.10@async-listener\glue.js:188:31
    at _combinedTickCallback (internal/process/next_tick.js:138:11)
    at process._tickCallback (internal/process/next_tick.js:180:9)
  code: 'ECONNRESET',
  context: 
   { option: 
      { url: 'http://192.168.9.31:8070/currentUser/menus?sys=enroll',
        method: 'GET',
        json: true,
        body: [Object],
        headers: [Object],
        forever: true } } }
2019-06-19 17:11:13.454 error 12512 master                 web --- [process-12512] routes\backend.js              : request backend get error: { url: 'http://192.168.9.31:8070/currentUser/menus?sys=enroll',
  method: 'GET',
  json: true,
  body: { sys: 'enroll' },
  headers: 
   { 'content-type': 'application/json',
     Authorization: 'schoolId=default;userNo=30920122202446;userId=284627125896478720;isAdmin=true;type=STUDENT',
     'X-Request-Id': 'ec93e758-c1c3-4123-b1b' },
  forever: true } { message: '系统升级中...' }
2019-06-19 17:11:13.502 error 12512 master                 web --- [process-12512] routes\backend.js              : { Error: socket hang up
    at createHangUpError (_http_client.js:331:15)
    at Socket.socketOnEnd (_http_client.js:423:23)
    at emitNone (events.js:111:20)
    at Socket.emit (events.js:208:7)
    at endReadableNT (_stream_readable.js:1064:12)
    at E:\workspace\xchs\saas-web\trunk\saas1.0-1\node_modules\_async-listener@0.6.10@async-listener\glue.js:188:31
    at _combinedTickCallback (internal/process/next_tick.js:138:11)
    at process._tickCallback (internal/process/next_tick.js:180:9)
  code: 'ECONNRESET',
  context: 
   { options: 
      { url: 'http://192.168.9.31:8070/announcement/list/10?pageSize=20&pageIndex=0&type=all&page=0&size=20',
        method: 'GET',
        json: true,
        headers: [Object],
        body: [Object],
        forever: true } } }
2019-06-19 17:11:13.505 error 12512 master                 web --- [process-12512] routes\backend.js              : request backend get error: { url: 'http://192.168.9.31:8070/announcement/list/10?pageSize=20&pageIndex=0&type=all&page=0&size=20',
  method: 'GET',
  json: true,
  headers: 
   { 'content-type': 'application/json',
     Authorization: 'schoolId=default;userNo=30920122202446;userId=284627125896478720;isAdmin=true;type=STUDENT',
     'X-Request-Id': 'b7e0acd1-b21e-41c6-a67' },
  body: 
   { pageSize: '20',
     pageIndex: '0',
     type: 'all',
     page: 0,
     size: '20' },
  forever: true } { message: '系统升级中...' }
2019-06-19 17:11:13.508 error 12512 master                 web --- [process-12512] routes\backend.js              : { Error: socket hang up
    at createHangUpError (_http_client.js:331:15)
    at Socket.socketOnEnd (_http_client.js:423:23)
    at emitNone (events.js:111:20)
    at Socket.emit (events.js:208:7)
    at endReadableNT (_stream_readable.js:1064:12)
    at E:\workspace\xchs\saas-web\trunk\saas1.0-1\node_modules\_async-listener@0.6.10@async-listener\glue.js:188:31
    at _combinedTickCallback (internal/process/next_tick.js:138:11)
    at process._tickCallback (internal/process/next_tick.js:180:9)
  code: 'ECONNRESET',
  context: 
   { option: 
      { url: 'http://192.168.9.31:8070/processEngine/tasks/todo/apps?',
        method: 'GET',
        json: true,
        body: {},
        headers: [Object],
        forever: true } } }
2019-06-19 17:11:13.525 error 12512 master                 web --- [process-12512] routes\backend.js              : request backend get error: { url: 'http://192.168.9.31:8070/processEngine/tasks/todo/apps?',
  method: 'GET',
  json: true,
  body: {},
  headers: 
   { 'content-type': 'application/json',
     Authorization: 'schoolId=default;userNo=30920122202446;userId=284627125896478720;isAdmin=true;type=STUDENT',
     'X-Request-Id': '7ab5a4cc-8bbe-470c-873' },
  forever: true } { message: '系统升级中...' }
2019-06-19 17:11:13.527 error 12512 master                 web --- [process-12512] routes\backend.js              : { Error: socket hang up
    at createHangUpError (_http_client.js:331:15)
    at Socket.socketOnEnd (_http_client.js:423:23)
    at emitNone (events.js:111:20)
    at Socket.emit (events.js:208:7)
    at endReadableNT (_stream_readable.js:1064:12)
    at E:\workspace\xchs\saas-web\trunk\saas1.0-1\node_modules\_async-listener@0.6.10@async-listener\glue.js:188:31
    at _combinedTickCallback (internal/process/next_tick.js:138:11)
    at process._tickCallback (internal/process/next_tick.js:180:9)
  code: 'ECONNRESET',
  context: 
   { option: 
      { url: 'http://192.168.9.31:8070/relationship/instructor/check?',
        method: 'GET',
        json: true,
        body: {},
        headers: [Object],
        forever: true } } }
2019-06-19 17:11:13.528 error 12512 master                 web --- [process-12512] routes\backend.js              : request backend get error: { url: 'http://192.168.9.31:8070/relationship/instructor/check?',
  method: 'GET',
  json: true,
  body: {},
  headers: 
   { 'content-type': 'application/json',
     Authorization: 'schoolId=default;userNo=30920122202446;userId=284627125896478720;isAdmin=true;type=STUDENT',
     'X-Request-Id': '49e0e6fd-8efc-428e-8aa' },
  forever: true } { message: '系统升级中...' }
2019-06-19 17:11:13.529 error 12512 master                 web --- [process-12512] routes\backend.js              : { Error: socket hang up
    at createHangUpError (_http_client.js:331:15)
    at Socket.socketOnEnd (_http_client.js:423:23)
    at emitNone (events.js:111:20)
    at Socket.emit (events.js:208:7)
    at endReadableNT (_stream_readable.js:1064:12)
    at E:\workspace\xchs\saas-web\trunk\saas1.0-1\node_modules\_async-listener@0.6.10@async-listener\glue.js:188:31
    at _combinedTickCallback (internal/process/next_tick.js:138:11)
    at process._tickCallback (internal/process/next_tick.js:180:9)
  code: 'ECONNRESET',
  context: 
   { option: 
      { url: 'http://192.168.9.31:8070/processEngine/tasks/todo/transfer/page?pageSize=10&pageIndex=0',
        method: 'GET',
        json: true,
        body: [Object],
        headers: [Object],
        forever: true } } }
2019-06-19 17:11:13.529 error 12512 master                 web --- [process-12512] routes\backend.js              : request backend get error: { url: 'http://192.168.9.31:8070/processEngine/tasks/todo/transfer/page?pageSize=10&pageIndex=0',
  method: 'GET',
  json: true,
  body: { pageSize: '10', pageIndex: '0' },
  headers: 
   { 'content-type': 'application/json',
     Authorization: 'schoolId=default;userNo=30920122202446;userId=284627125896478720;isAdmin=true;type=STUDENT',
     'X-Request-Id': '2d4a2e28-186a-43f0-89d' },
  forever: true } { message: '系统升级中...' }
2019-06-19 17:11:13.650 error 12512 master                 web --- [process-12512] routes\backend.js              : { Error: socket hang up
    at createHangUpError (_http_client.js:331:15)
    at Socket.socketOnEnd (_http_client.js:423:23)
    at emitNone (events.js:111:20)
    at Socket.emit (events.js:208:7)
    at endReadableNT (_stream_readable.js:1064:12)
    at E:\workspace\xchs\saas-web\trunk\saas1.0-1\node_modules\_async-listener@0.6.10@async-listener\glue.js:188:31
    at _combinedTickCallback (internal/process/next_tick.js:138:11)
    at process._tickCallback (internal/process/next_tick.js:180:9)
  code: 'ECONNRESET',
  context: 
   { option: 
      { url: 'http://192.168.9.31:8070/processEngine/processInstances/myCarbonCopy?pageSize=10&pageIndex=0',
        method: 'GET',
        json: true,
        body: [Object],
        headers: [Object],
        forever: true } } }
2019-06-19 17:11:13.651 error 12512 master                 web --- [process-12512] routes\backend.js              : request backend get error: { url: 'http://192.168.9.31:8070/processEngine/processInstances/myCarbonCopy?pageSize=10&pageIndex=0',
  method: 'GET',
  json: true,
  body: { pageSize: '10', pageIndex: '0' },
  headers: 
   { 'content-type': 'application/json',
     Authorization: 'schoolId=default;userNo=30920122202446;userId=284627125896478720;isAdmin=true;type=STUDENT',
     'X-Request-Id': '5a3c4c3e-bab9-4138-8d9' },
  forever: true } { message: '系统升级中...' }
2019-06-19 17:11:43.502 error 12512 master                 web --- [process-12512] routes\backend.js              : { Error: socket hang up
    at createHangUpError (_http_client.js:331:15)
    at Socket.socketOnEnd (_http_client.js:423:23)
    at emitNone (events.js:111:20)
    at Socket.emit (events.js:208:7)
    at endReadableNT (_stream_readable.js:1064:12)
    at E:\workspace\xchs\saas-web\trunk\saas1.0-1\node_modules\_async-listener@0.6.10@async-listener\glue.js:188:31
    at _combinedTickCallback (internal/process/next_tick.js:138:11)
    at process._tickCallback (internal/process/next_tick.js:180:9)
  code: 'ECONNRESET',
  context: 
   { options: 
      { url: 'http://192.168.9.31:8070/processEngine/myProcessInstances?pageSize=20&pageIndex=0&page=0&size=20',
        method: 'GET',
        json: true,
        headers: [Object],
        body: [Object],
        forever: true } } }
2019-06-19 17:11:43.507 error 12512 master                 web --- [process-12512] routes\backend.js              : request backend get error: { url: 'http://192.168.9.31:8070/processEngine/myProcessInstances?pageSize=20&pageIndex=0&page=0&size=20',
  method: 'GET',
  json: true,
  headers: 
   { 'content-type': 'application/json',
     Authorization: 'schoolId=default;userNo=30920122202446;userId=284627125896478720;isAdmin=true;type=STUDENT',
     'X-Request-Id': 'e5cb8487-baa9-4ccf-911' },
  body: { pageSize: '20', pageIndex: '0', page: 0, size: '20' },
  forever: true } { message: '系统升级中...' }
2019-06-19 17:11:43.509 error 12512 master                 web --- [process-12512] routes\backend.js              : { Error: socket hang up
    at createHangUpError (_http_client.js:331:15)
    at Socket.socketOnEnd (_http_client.js:423:23)
    at emitNone (events.js:111:20)
    at Socket.emit (events.js:208:7)
    at endReadableNT (_stream_readable.js:1064:12)
    at E:\workspace\xchs\saas-web\trunk\saas1.0-1\node_modules\_async-listener@0.6.10@async-listener\glue.js:188:31
    at _combinedTickCallback (internal/process/next_tick.js:138:11)
    at process._tickCallback (internal/process/next_tick.js:180:9)
  code: 'ECONNRESET',
  context: 
   { option: 
      { url: 'http://192.168.9.31:8070/app/type?userType=1',
        method: 'GET',
        json: true,
        body: [Object],
        headers: [Object],
        forever: true } } }
2019-06-19 17:11:43.510 error 12512 master                 web --- [process-12512] routes\backend.js              : request backend get error: { url: 'http://192.168.9.31:8070/app/type?userType=1',
  method: 'GET',
  json: true,
  body: { userType: '1' },
  headers: 
   { 'content-type': 'application/json',
     Authorization: 'schoolId=default;userNo=30920122202446;userId=284627125896478720;isAdmin=true;type=STUDENT',
     'X-Request-Id': '77874302-cacf-4593-9c9' },
  forever: true } { message: '系统升级中...' }
2019-06-19 17:11:43.523 error 12512 master                 web --- [process-12512] routes\backend.js              : { Error: socket hang up
    at createHangUpError (_http_client.js:331:15)
    at Socket.socketOnEnd (_http_client.js:423:23)
    at emitNone (events.js:111:20)
    at Socket.emit (events.js:208:7)
    at endReadableNT (_stream_readable.js:1064:12)
    at E:\workspace\xchs\saas-web\trunk\saas1.0-1\node_modules\_async-listener@0.6.10@async-listener\glue.js:188:31
    at _combinedTickCallback (internal/process/next_tick.js:138:11)
    at process._tickCallback (internal/process/next_tick.js:180:9)
  code: 'ECONNRESET',
  context: 
   { option: 
      { url: 'http://192.168.9.31:8070/app/type?userType=2',
        method: 'GET',
        json: true,
        body: [Object],
        headers: [Object],
        forever: true } } }
2019-06-19 17:11:43.523 error 12512 master                 web --- [process-12512] routes\backend.js              : request backend get error: { url: 'http://192.168.9.31:8070/app/type?userType=2',
  method: 'GET',
  json: true,
  body: { userType: '2' },
  headers: 
   { 'content-type': 'application/json',
     Authorization: 'schoolId=default;userNo=30920122202446;userId=284627125896478720;isAdmin=true;type=STUDENT',
     'X-Request-Id': '33a7c8bb-5ba2-4b78-ac1' },
  forever: true } { message: '系统升级中...' }
2019-06-19 17:11:43.532 error 12512 master                 web --- [process-12512] routes\backend.js              : { Error: socket hang up
    at createHangUpError (_http_client.js:331:15)
    at Socket.socketOnEnd (_http_client.js:423:23)
    at emitNone (events.js:111:20)
    at Socket.emit (events.js:208:7)
    at endReadableNT (_stream_readable.js:1064:12)
    at E:\workspace\xchs\saas-web\trunk\saas1.0-1\node_modules\_async-listener@0.6.10@async-listener\glue.js:188:31
    at _combinedTickCallback (internal/process/next_tick.js:138:11)
    at process._tickCallback (internal/process/next_tick.js:180:9)
  code: 'ECONNRESET',
  context: 
   { option: 
      { url: 'http://192.168.9.31:8070/payment/userallproject?page=0&size=9999',
        method: 'GET',
        json: true,
        body: [Object],
        headers: [Object],
        forever: true } } }
2019-06-19 17:11:43.533 error 12512 master                 web --- [process-12512] routes\backend.js              : request backend get error: { url: 'http://192.168.9.31:8070/payment/userallproject?page=0&size=9999',
  method: 'GET',
  json: true,
  body: { page: '0', size: '9999' },
  headers: 
   { 'content-type': 'application/json',
     Authorization: 'schoolId=default;userNo=30920122202446;userId=284627125896478720;isAdmin=true;type=STUDENT',
     'X-Request-Id': '4ff93a33-5339-4514-ae9' },
  forever: true } { message: '系统升级中...' }
2019-06-19 17:11:43.534 error 12512 master                 web --- [process-12512] routes\backend.js              : { Error: socket hang up
    at createHangUpError (_http_client.js:331:15)
    at Socket.socketOnEnd (_http_client.js:423:23)
    at emitNone (events.js:111:20)
    at Socket.emit (events.js:208:7)
    at endReadableNT (_stream_readable.js:1064:12)
    at E:\workspace\xchs\saas-web\trunk\saas1.0-1\node_modules\_async-listener@0.6.10@async-listener\glue.js:188:31
    at _combinedTickCallback (internal/process/next_tick.js:138:11)
    at process._tickCallback (internal/process/next_tick.js:180:9)
  code: 'ECONNRESET',
  context: 
   { option: 
      { url: 'http://192.168.9.31:8070/app/type?userType=3',
        method: 'GET',
        json: true,
        body: [Object],
        headers: [Object],
        forever: true } } }
2019-06-19 17:11:43.536 error 12512 master                 web --- [process-12512] routes\backend.js              : request backend get error: { url: 'http://192.168.9.31:8070/app/type?userType=3',
  method: 'GET',
  json: true,
  body: { userType: '3' },
  headers: 
   { 'content-type': 'application/json',
     Authorization: 'schoolId=default;userNo=30920122202446;userId=284627125896478720;isAdmin=true;type=STUDENT',
     'X-Request-Id': '2310f30d-2ca8-46c6-827' },
  forever: true } { message: '系统升级中...' }
2019-06-19 17:11:43.537 error 12512 master                 web --- [process-12512] routes\backend.js              : { Error: socket hang up
    at createHangUpError (_http_client.js:331:15)
    at Socket.socketOnEnd (_http_client.js:423:23)
    at emitNone (events.js:111:20)
    at Socket.emit (events.js:208:7)
    at endReadableNT (_stream_readable.js:1064:12)
    at E:\workspace\xchs\saas-web\trunk\saas1.0-1\node_modules\_async-listener@0.6.10@async-listener\glue.js:188:31
    at _combinedTickCallback (internal/process/next_tick.js:138:11)
    at process._tickCallback (internal/process/next_tick.js:180:9)
  code: 'ECONNRESET',
  context: 
   { option: 
      { url: 'http://192.168.9.31:8070/app/popular?isPublished=true',
        method: 'GET',
        json: true,
        body: [Object],
        headers: [Object],
        forever: true } } }
2019-06-19 17:11:43.541 error 12512 master                 web --- [process-12512] routes\backend.js              : request backend get error: { url: 'http://192.168.9.31:8070/app/popular?isPublished=true',
  method: 'GET',
  json: true,
  body: { isPublished: 'true' },
  headers: 
   { 'content-type': 'application/json',
     Authorization: 'schoolId=default;userNo=30920122202446;userId=284627125896478720;isAdmin=true;type=STUDENT',
     'X-Request-Id': 'ee4dcc1a-945c-45ec-a09' },
  forever: true } { message: '系统升级中...' }
2019-06-19 17:11:43.558 error 12512 master                 web --- [process-12512] routes\backend.js              : { Error: socket hang up
    at createHangUpError (_http_client.js:331:15)
    at Socket.socketOnEnd (_http_client.js:423:23)
    at emitNone (events.js:111:20)
    at Socket.emit (events.js:208:7)
    at endReadableNT (_stream_readable.js:1064:12)
    at E:\workspace\xchs\saas-web\trunk\saas1.0-1\node_modules\_async-listener@0.6.10@async-listener\glue.js:188:31
    at _combinedTickCallback (internal/process/next_tick.js:138:11)
    at process._tickCallback (internal/process/next_tick.js:180:9)
  code: 'ECONNRESET',
  context: 
   { option: 
      { url: 'http://192.168.9.31:8070/quick/service/allQuickService?',
        method: 'GET',
        json: true,
        body: {},
        headers: [Object],
        forever: true } } }
2019-06-19 17:11:43.559 error 12512 master                 web --- [process-12512] routes\backend.js              : request backend get error: { url: 'http://192.168.9.31:8070/quick/service/allQuickService?',
  method: 'GET',
  json: true,
  body: {},
  headers: 
   { 'content-type': 'application/json',
     Authorization: 'schoolId=default;userNo=30920122202446;userId=284627125896478720;isAdmin=true;type=STUDENT',
     'X-Request-Id': '0ec1c47c-055b-4986-a69' },
  forever: true } { message: '系统升级中...' }
2019-06-19 17:11:43.560 error 12512 master                 web --- [process-12512] routes\backend.js              : { Error: socket hang up
    at createHangUpError (_http_client.js:331:15)
    at Socket.socketOnEnd (_http_client.js:423:23)
    at emitNone (events.js:111:20)
    at Socket.emit (events.js:208:7)
    at endReadableNT (_stream_readable.js:1064:12)
    at E:\workspace\xchs\saas-web\trunk\saas1.0-1\node_modules\_async-listener@0.6.10@async-listener\glue.js:188:31
    at _combinedTickCallback (internal/process/next_tick.js:138:11)
    at process._tickCallback (internal/process/next_tick.js:180:9)
  code: 'ECONNRESET',
  context: 
   { option: 
      { url: 'http://192.168.9.31:8070/app/search?category=POPULAR&keyword=&userType=&typeId=&capital=',
        method: 'GET',
        json: true,
        body: [Object],
        headers: [Object],
        forever: true } } }
2019-06-19 17:11:43.561 error 12512 master                 web --- [process-12512] routes\backend.js              : request backend get error: { url: 'http://192.168.9.31:8070/app/search?category=POPULAR&keyword=&userType=&typeId=&capital=',
  method: 'GET',
  json: true,
  body: 
   { category: 'POPULAR',
     keyword: '',
     userType: '',
     typeId: '',
     capital: '' },
  headers: 
   { 'content-type': 'application/json',
     Authorization: 'schoolId=default;userNo=30920122202446;userId=284627125896478720;isAdmin=true;type=STUDENT',
     'X-Request-Id': '3ff19ac0-74cc-49aa-bd3' },
  forever: true } { message: '系统升级中...' }
2019-06-19 17:11:43.561 error 12512 master                 web --- [process-12512] routes\backend.js              : { Error: socket hang up
    at createHangUpError (_http_client.js:331:15)
    at Socket.socketOnEnd (_http_client.js:423:23)
    at emitNone (events.js:111:20)
    at Socket.emit (events.js:208:7)
    at endReadableNT (_stream_readable.js:1064:12)
    at E:\workspace\xchs\saas-web\trunk\saas1.0-1\node_modules\_async-listener@0.6.10@async-listener\glue.js:188:31
    at _combinedTickCallback (internal/process/next_tick.js:138:11)
    at process._tickCallback (internal/process/next_tick.js:180:9)
  code: 'ECONNRESET',
  context: 
   { option: 
      { url: 'http://192.168.9.31:8070/app/type?userType=4',
        method: 'GET',
        json: true,
        body: [Object],
        headers: [Object],
        forever: true } } }
2019-06-19 17:11:43.563 error 12512 master                 web --- [process-12512] routes\backend.js              : request backend get error: { url: 'http://192.168.9.31:8070/app/type?userType=4',
  method: 'GET',
  json: true,
  body: { userType: '4' },
  headers: 
   { 'content-type': 'application/json',
     Authorization: 'schoolId=default;userNo=30920122202446;userId=284627125896478720;isAdmin=true;type=STUDENT',
     'X-Request-Id': '5c8d9666-e83e-40fa-bb8' },
  forever: true } { message: '系统升级中...' }
2019-06-19 17:11:43.564 error 12512 master                 web --- [process-12512] routes\backend.js              : { Error: socket hang up
    at createHangUpError (_http_client.js:331:15)
    at Socket.socketOnEnd (_http_client.js:423:23)
    at emitNone (events.js:111:20)
    at Socket.emit (events.js:208:7)
    at endReadableNT (_stream_readable.js:1064:12)
    at E:\workspace\xchs\saas-web\trunk\saas1.0-1\node_modules\_async-listener@0.6.10@async-listener\glue.js:188:31
    at _combinedTickCallback (internal/process/next_tick.js:138:11)
    at process._tickCallback (internal/process/next_tick.js:180:9)
  code: 'ECONNRESET',
  context: 
   { option: 
      { url: 'http://192.168.9.31:8070/processEngine/stat/applicant?',
        method: 'GET',
        json: true,
        body: {},
        headers: [Object],
        forever: true } } }
2019-06-19 17:11:43.564 error 12512 master                 web --- [process-12512] routes\backend.js              : request backend get error: { url: 'http://192.168.9.31:8070/processEngine/stat/applicant?',
  method: 'GET',
  json: true,
  body: {},
  headers: 
   { 'content-type': 'application/json',
     Authorization: 'schoolId=default;userNo=30920122202446;userId=284627125896478720;isAdmin=true;type=STUDENT',
     'X-Request-Id': '55e68538-62b0-49f0-adb' },
  forever: true } { message: '系统升级中...' }
2019-06-19 17:11:43.566 error 12512 master                 web --- [process-12512] routes\backend.js              : { Error: socket hang up
    at createHangUpError (_http_client.js:331:15)
    at Socket.socketOnEnd (_http_client.js:423:23)
    at emitNone (events.js:111:20)
    at Socket.emit (events.js:208:7)
    at endReadableNT (_stream_readable.js:1064:12)
    at E:\workspace\xchs\saas-web\trunk\saas1.0-1\node_modules\_async-listener@0.6.10@async-listener\glue.js:188:31
    at _combinedTickCallback (internal/process/next_tick.js:138:11)
    at process._tickCallback (internal/process/next_tick.js:180:9)
  code: 'ECONNRESET',
  context: 
   { option: 
      { url: 'http://192.168.9.31:8070/sc/activities/types?',
        method: 'GET',
        json: true,
        body: {},
        headers: [Object],
        forever: true } } }
2019-06-19 17:11:43.569 error 12512 master                 web --- [process-12512] routes\backend.js              : request backend get error: { url: 'http://192.168.9.31:8070/sc/activities/types?',
  method: 'GET',
  json: true,
  body: {},
  headers: 
   { 'content-type': 'application/json',
     Authorization: 'schoolId=default;userNo=30920122202446;userId=284627125896478720;isAdmin=true;type=STUDENT',
     'X-Request-Id': '32603dea-9f58-45c4-aa9' },
  forever: true } { message: '系统升级中...' }
