2019-06-14 11:51:24.113 error  1828 master                 web --- [process-1828 ] routes\backend.js              : request backend get error: { url: 'http://192.168.9.31:8070/document/students/organizationRelationship/298495805025681408?organizationRelationship=',
  method: 'PUT',
  json: true,
  body: {},
  headers: 
   { 'content-type': 'application/json',
     Authorization: 'schoolId=default;userNo=30920122202446;userId=284627125896478720;isAdmin=true;type=STUDENT',
     'X-Request-Id': '639f3a7d-11aa-4d3f-8b4' },
  forever: true } { code: '10004', message: '参数缺失！', data: null }
2019-06-14 11:56:03.328 error  1828 master                 web --- [process-1828 ] routes\backend.js              : request backend get error: { url: 'http://192.168.9.31:8070/document/students/organizationRelationship/298495805025681408?organizationRelationship=',
  method: 'PUT',
  json: true,
  body: {},
  headers: 
   { 'content-type': 'application/json',
     Authorization: 'schoolId=default;userNo=30920122202446;userId=284627125896478720;isAdmin=true;type=STUDENT',
     'X-Request-Id': '15f718d6-a956-4a39-972' },
  forever: true } { code: '10004', message: '参数缺失！', data: null }
2019-06-14 11:57:15.310 error  1828 master                 web --- [process-1828 ] routes\backend.js              : request backend get error: { url: 'http://192.168.9.31:8070/document/students/organizationRelationship/287120913114071040?organizationRelationship=11',
  method: 'PUT',
  json: true,
  body: {},
  headers: 
   { 'content-type': 'application/json',
     Authorization: 'schoolId=default;userNo=30920122202446;userId=284627125896478720;isAdmin=true;type=STUDENT',
     'X-Request-Id': '92abeb77-d7f7-4884-910' },
  forever: true } { code: '00000', message: '接口访问出错啦！', data: null }
2019-06-14 11:57:16.925 error  1828 master                 web --- [process-1828 ] routes\backend.js              : request backend get error: { url: 'http://192.168.9.31:8070/document/students/organizationRelationship/287120913114071040?organizationRelationship=13',
  method: 'PUT',
  json: true,
  body: {},
  headers: 
   { 'content-type': 'application/json',
     Authorization: 'schoolId=default;userNo=30920122202446;userId=284627125896478720;isAdmin=true;type=STUDENT',
     'X-Request-Id': 'f3547a20-92ed-43cd-843' },
  forever: true } { code: '00000', message: '接口访问出错啦！', data: null }
